2024-10-24 07:59:09.654 +07:00  FTL  Application startup exceptionSystem.InvalidOperationException: Unable to resolve service for type 'AspNetCoreRateLimit.IProcessingStrategy' while attempting to activate 'AspNetCoreRateLimit.IpRateLimitMiddleware'.
   at Microsoft.Extensions.Internal.ActivatorUtilities.ConstructorMatcher.CreateInstance(IServiceProvider provider)
   at Microsoft.Extensions.Internal.ActivatorUtilities.CreateInstance(IServiceProvider provider, Type instanceType, Object[] parameters)
   at Microsoft.AspNetCore.Builder.UseMiddlewareExtensions.ReflectionMiddlewareBinder.CreateMiddleware(RequestDelegate next)
   at Microsoft.AspNetCore.Builder.ApplicationBuilder.Build()
   at Microsoft.AspNetCore.Builder.ApplicationBuilder.Build()
   at Microsoft.AspNetCore.Hosting.GenericWebHostService.StartAsync(CancellationToken cancellationToken)

2024-10-24 07:59:09.679 +07:00  ERR  Hosting failed to startSystem.InvalidOperationException: Unable to resolve service for type 'AspNetCoreRateLimit.IProcessingStrategy' while attempting to activate 'AspNetCoreRateLimit.IpRateLimitMiddleware'.
   at Microsoft.Extensions.Internal.ActivatorUtilities.ConstructorMatcher.CreateInstance(IServiceProvider provider)
   at Microsoft.Extensions.Internal.ActivatorUtilities.CreateInstance(IServiceProvider provider, Type instanceType, Object[] parameters)
   at Microsoft.AspNetCore.Builder.UseMiddlewareExtensions.ReflectionMiddlewareBinder.CreateMiddleware(RequestDelegate next)
   at Microsoft.AspNetCore.Builder.ApplicationBuilder.Build()
   at Microsoft.AspNetCore.Builder.ApplicationBuilder.Build()
   at Microsoft.AspNetCore.Hosting.GenericWebHostService.StartAsync(CancellationToken cancellationToken)
   at Microsoft.Extensions.Hosting.Internal.Host.<StartAsync>b__15_1(IHostedService service, CancellationToken token)
   at Microsoft.Extensions.Hosting.Internal.Host.ForeachService[T](IEnumerable`1 services, CancellationToken token, Boolean concurrent, Boolean abortOnFirstException, List`1 exceptions, Func`3 operation)

2024-10-24 07:59:23.084 +07:00  FTL  Application startup exceptionSystem.InvalidOperationException: Unable to resolve service for type 'AspNetCoreRateLimit.IProcessingStrategy' while attempting to activate 'AspNetCoreRateLimit.IpRateLimitMiddleware'.
   at Microsoft.Extensions.Internal.ActivatorUtilities.ConstructorMatcher.CreateInstance(IServiceProvider provider)
   at Microsoft.Extensions.Internal.ActivatorUtilities.CreateInstance(IServiceProvider provider, Type instanceType, Object[] parameters)
   at Microsoft.AspNetCore.Builder.UseMiddlewareExtensions.ReflectionMiddlewareBinder.CreateMiddleware(RequestDelegate next)
   at Microsoft.AspNetCore.Builder.ApplicationBuilder.Build()
   at Microsoft.AspNetCore.Builder.ApplicationBuilder.Build()
   at Microsoft.AspNetCore.Hosting.GenericWebHostService.StartAsync(CancellationToken cancellationToken)

2024-10-24 07:59:23.119 +07:00  ERR  Hosting failed to startSystem.InvalidOperationException: Unable to resolve service for type 'AspNetCoreRateLimit.IProcessingStrategy' while attempting to activate 'AspNetCoreRateLimit.IpRateLimitMiddleware'.
   at Microsoft.Extensions.Internal.ActivatorUtilities.ConstructorMatcher.CreateInstance(IServiceProvider provider)
   at Microsoft.Extensions.Internal.ActivatorUtilities.CreateInstance(IServiceProvider provider, Type instanceType, Object[] parameters)
   at Microsoft.AspNetCore.Builder.UseMiddlewareExtensions.ReflectionMiddlewareBinder.CreateMiddleware(RequestDelegate next)
   at Microsoft.AspNetCore.Builder.ApplicationBuilder.Build()
   at Microsoft.AspNetCore.Builder.ApplicationBuilder.Build()
   at Microsoft.AspNetCore.Hosting.GenericWebHostService.StartAsync(CancellationToken cancellationToken)
   at Microsoft.Extensions.Hosting.Internal.Host.<StartAsync>b__15_1(IHostedService service, CancellationToken token)
   at Microsoft.Extensions.Hosting.Internal.Host.ForeachService[T](IEnumerable`1 services, CancellationToken token, Boolean concurrent, Boolean abortOnFirstException, List`1 exceptions, Func`3 operation)

2024-10-24 08:02:37.943 +07:00  ERR  An unhandled exception has occurred while executing the request.Swashbuckle.AspNetCore.SwaggerGen.SwaggerGeneratorException: Conflicting method/path combination "GET api/v{version}/CheckVersion" for actions - CheckVersionController.GetProducts (WebAPI),CheckVersionV2Controller.GetProducts (WebAPI). Actions require a unique method/path combination for Swagger/OpenAPI 3.0. Use ConflictingActionsResolver as a workaround
   at Swashbuckle.AspNetCore.SwaggerGen.SwaggerGenerator.GenerateOperations(IEnumerable`1 apiDescriptions, SchemaRepository schemaRepository)
   at Swashbuckle.AspNetCore.SwaggerGen.SwaggerGenerator.GeneratePaths(IEnumerable`1 apiDescriptions, SchemaRepository schemaRepository)
   at Swashbuckle.AspNetCore.SwaggerGen.SwaggerGenerator.GetSwaggerDocumentWithoutFilters(String documentName, String host, String basePath)
   at Swashbuckle.AspNetCore.SwaggerGen.SwaggerGenerator.GetSwaggerAsync(String documentName, String host, String basePath)
   at Swashbuckle.AspNetCore.Swagger.SwaggerMiddleware.Invoke(HttpContext httpContext, ISwaggerProvider swaggerProvider)
   at Microsoft.AspNetCore.Diagnostics.DeveloperExceptionPageMiddlewareImpl.Invoke(HttpContext context)

2024-10-24 08:02:56.041 +07:00  ERR  An unhandled exception has occurred while executing the request.Swashbuckle.AspNetCore.SwaggerGen.SwaggerGeneratorException: Conflicting method/path combination "GET api/v{version}/CheckVersion" for actions - CheckVersionController.GetProducts (WebAPI),CheckVersionV2Controller.GetProducts (WebAPI). Actions require a unique method/path combination for Swagger/OpenAPI 3.0. Use ConflictingActionsResolver as a workaround
   at Swashbuckle.AspNetCore.SwaggerGen.SwaggerGenerator.GenerateOperations(IEnumerable`1 apiDescriptions, SchemaRepository schemaRepository)
   at Swashbuckle.AspNetCore.SwaggerGen.SwaggerGenerator.GeneratePaths(IEnumerable`1 apiDescriptions, SchemaRepository schemaRepository)
   at Swashbuckle.AspNetCore.SwaggerGen.SwaggerGenerator.GetSwaggerDocumentWithoutFilters(String documentName, String host, String basePath)
   at Swashbuckle.AspNetCore.SwaggerGen.SwaggerGenerator.GetSwaggerAsync(String documentName, String host, String basePath)
   at Swashbuckle.AspNetCore.Swagger.SwaggerMiddleware.Invoke(HttpContext httpContext, ISwaggerProvider swaggerProvider)
   at Microsoft.AspNetCore.Diagnostics.DeveloperExceptionPageMiddlewareImpl.Invoke(HttpContext context)

2024-10-24 08:03:06.915 +07:00  FTL  Application startup exceptionSystem.InvalidOperationException: Unable to resolve service for type 'AspNetCoreRateLimit.IProcessingStrategy' while attempting to activate 'AspNetCoreRateLimit.IpRateLimitMiddleware'.
   at Microsoft.Extensions.Internal.ActivatorUtilities.ConstructorMatcher.CreateInstance(IServiceProvider provider)
   at Microsoft.Extensions.Internal.ActivatorUtilities.CreateInstance(IServiceProvider provider, Type instanceType, Object[] parameters)
   at Microsoft.AspNetCore.Builder.UseMiddlewareExtensions.ReflectionMiddlewareBinder.CreateMiddleware(RequestDelegate next)
   at Microsoft.AspNetCore.Builder.ApplicationBuilder.Build()
   at Microsoft.AspNetCore.Builder.ApplicationBuilder.Build()
   at Microsoft.AspNetCore.Hosting.GenericWebHostService.StartAsync(CancellationToken cancellationToken)

2024-10-24 08:03:06.940 +07:00  ERR  Hosting failed to startSystem.InvalidOperationException: Unable to resolve service for type 'AspNetCoreRateLimit.IProcessingStrategy' while attempting to activate 'AspNetCoreRateLimit.IpRateLimitMiddleware'.
   at Microsoft.Extensions.Internal.ActivatorUtilities.ConstructorMatcher.CreateInstance(IServiceProvider provider)
   at Microsoft.Extensions.Internal.ActivatorUtilities.CreateInstance(IServiceProvider provider, Type instanceType, Object[] parameters)
   at Microsoft.AspNetCore.Builder.UseMiddlewareExtensions.ReflectionMiddlewareBinder.CreateMiddleware(RequestDelegate next)
   at Microsoft.AspNetCore.Builder.ApplicationBuilder.Build()
   at Microsoft.AspNetCore.Builder.ApplicationBuilder.Build()
   at Microsoft.AspNetCore.Hosting.GenericWebHostService.StartAsync(CancellationToken cancellationToken)
   at Microsoft.Extensions.Hosting.Internal.Host.<StartAsync>b__15_1(IHostedService service, CancellationToken token)
   at Microsoft.Extensions.Hosting.Internal.Host.ForeachService[T](IEnumerable`1 services, CancellationToken token, Boolean concurrent, Boolean abortOnFirstException, List`1 exceptions, Func`3 operation)

2024-10-24 08:03:54.893 +07:00  ERR  An unhandled exception has occurred while executing the request.Swashbuckle.AspNetCore.SwaggerGen.SwaggerGeneratorException: Conflicting method/path combination "GET api/v{version}/CheckVersion" for actions - CheckVersionController.GetProducts (WebAPI),CheckVersionV2Controller.GetProducts (WebAPI). Actions require a unique method/path combination for Swagger/OpenAPI 3.0. Use ConflictingActionsResolver as a workaround
   at Swashbuckle.AspNetCore.SwaggerGen.SwaggerGenerator.GenerateOperations(IEnumerable`1 apiDescriptions, SchemaRepository schemaRepository)
   at Swashbuckle.AspNetCore.SwaggerGen.SwaggerGenerator.GeneratePaths(IEnumerable`1 apiDescriptions, SchemaRepository schemaRepository)
   at Swashbuckle.AspNetCore.SwaggerGen.SwaggerGenerator.GetSwaggerDocumentWithoutFilters(String documentName, String host, String basePath)
   at Swashbuckle.AspNetCore.SwaggerGen.SwaggerGenerator.GetSwaggerAsync(String documentName, String host, String basePath)
   at Swashbuckle.AspNetCore.Swagger.SwaggerMiddleware.Invoke(HttpContext httpContext, ISwaggerProvider swaggerProvider)
   at Microsoft.AspNetCore.Diagnostics.DeveloperExceptionPageMiddlewareImpl.Invoke(HttpContext context)

2024-10-24 08:04:20.443 +07:00  ERR  An unhandled exception has occurred while executing the request.System.InvalidOperationException: The constraint reference 'apiVersion' could not be resolved to a type. Register the constraint type with 'Microsoft.AspNetCore.Routing.RouteOptions.ConstraintMap'.
   at Microsoft.AspNetCore.Routing.DefaultParameterPolicyFactory.Create(RoutePatternParameterPart parameter, String inlineText)
   at Microsoft.AspNetCore.Routing.Matching.DfaMatcherBuilder.CachingParameterPolicyFactory.Create(RoutePatternParameterPart parameter, String inlineText)
   at Microsoft.AspNetCore.Routing.Matching.DfaMatcherBuilder.CreateCandidate(Endpoint endpoint, Int32 score)
   at Microsoft.AspNetCore.Routing.Matching.DfaMatcherBuilder.CreateCandidates(IReadOnlyList`1 endpoints)
   at Microsoft.AspNetCore.Routing.Matching.DfaMatcherBuilder.AddNode(DfaNode node, DfaState[] states, Int32 exitDestination)
   at Microsoft.AspNetCore.Routing.Matching.DfaMatcherBuilder.AddNode(DfaNode node, DfaState[] states, Int32 exitDestination)
   at Microsoft.AspNetCore.Routing.Matching.DfaMatcherBuilder.AddNode(DfaNode node, DfaState[] states, Int32 exitDestination)
   at Microsoft.AspNetCore.Routing.Matching.DfaMatcherBuilder.AddNode(DfaNode node, DfaState[] states, Int32 exitDestination)
   at Microsoft.AspNetCore.Routing.Matching.DfaMatcherBuilder.AddNode(DfaNode node, DfaState[] states, Int32 exitDestination)
   at Microsoft.AspNetCore.Routing.Matching.DfaMatcherBuilder.Build()
   at Microsoft.AspNetCore.Routing.Matching.DataSourceDependentMatcher.CreateMatcher(IReadOnlyList`1 endpoints)
   at Microsoft.AspNetCore.Routing.DataSourceDependentCache`1.Initialize()
   at System.Threading.LazyInitializer.EnsureInitializedCore[T](T& target, Boolean& initialized, Object& syncLock, Func`1 valueFactory)
   at Microsoft.AspNetCore.Routing.Matching.DataSourceDependentMatcher..ctor(EndpointDataSource dataSource, Lifetime lifetime, Func`1 matcherBuilderFactory)
   at Microsoft.AspNetCore.Routing.Matching.DfaMatcherFactory.CreateMatcher(EndpointDataSource dataSource)
   at Microsoft.AspNetCore.Routing.EndpointRoutingMiddleware.InitializeCoreAsync()
--- End of stack trace from previous location ---
   at Microsoft.AspNetCore.Routing.EndpointRoutingMiddleware.<Invoke>g__AwaitMatcher|10_0(EndpointRoutingMiddleware middleware, HttpContext httpContext, Task`1 matcherTask)
   at Microsoft.AspNetCore.Diagnostics.DeveloperExceptionPageMiddlewareImpl.Invoke(HttpContext context)

2024-10-24 08:04:20.556 +07:00  ERR  An unhandled exception has occurred while executing the request.System.InvalidOperationException: The constraint reference 'apiVersion' could not be resolved to a type. Register the constraint type with 'Microsoft.AspNetCore.Routing.RouteOptions.ConstraintMap'.
   at Microsoft.AspNetCore.Routing.DefaultParameterPolicyFactory.Create(RoutePatternParameterPart parameter, String inlineText)
   at Microsoft.AspNetCore.Routing.Matching.DfaMatcherBuilder.CachingParameterPolicyFactory.Create(RoutePatternParameterPart parameter, String inlineText)
   at Microsoft.AspNetCore.Routing.Matching.DfaMatcherBuilder.CreateCandidate(Endpoint endpoint, Int32 score)
   at Microsoft.AspNetCore.Routing.Matching.DfaMatcherBuilder.CreateCandidates(IReadOnlyList`1 endpoints)
   at Microsoft.AspNetCore.Routing.Matching.DfaMatcherBuilder.AddNode(DfaNode node, DfaState[] states, Int32 exitDestination)
   at Microsoft.AspNetCore.Routing.Matching.DfaMatcherBuilder.AddNode(DfaNode node, DfaState[] states, Int32 exitDestination)
   at Microsoft.AspNetCore.Routing.Matching.DfaMatcherBuilder.AddNode(DfaNode node, DfaState[] states, Int32 exitDestination)
   at Microsoft.AspNetCore.Routing.Matching.DfaMatcherBuilder.AddNode(DfaNode node, DfaState[] states, Int32 exitDestination)
   at Microsoft.AspNetCore.Routing.Matching.DfaMatcherBuilder.AddNode(DfaNode node, DfaState[] states, Int32 exitDestination)
   at Microsoft.AspNetCore.Routing.Matching.DfaMatcherBuilder.Build()
   at Microsoft.AspNetCore.Routing.Matching.DataSourceDependentMatcher.CreateMatcher(IReadOnlyList`1 endpoints)
   at Microsoft.AspNetCore.Routing.DataSourceDependentCache`1.Initialize()
   at System.Threading.LazyInitializer.EnsureInitializedCore[T](T& target, Boolean& initialized, Object& syncLock, Func`1 valueFactory)
   at Microsoft.AspNetCore.Routing.Matching.DataSourceDependentMatcher..ctor(EndpointDataSource dataSource, Lifetime lifetime, Func`1 matcherBuilderFactory)
   at Microsoft.AspNetCore.Routing.Matching.DfaMatcherFactory.CreateMatcher(EndpointDataSource dataSource)
   at Microsoft.AspNetCore.Routing.EndpointRoutingMiddleware.InitializeCoreAsync()
--- End of stack trace from previous location ---
   at Microsoft.AspNetCore.Routing.EndpointRoutingMiddleware.<Invoke>g__AwaitMatcher|10_0(EndpointRoutingMiddleware middleware, HttpContext httpContext, Task`1 matcherTask)
   at Microsoft.AspNetCore.Diagnostics.DeveloperExceptionPageMiddlewareImpl.Invoke(HttpContext context)

2024-10-24 08:04:44.722 +07:00  FTL  Application startup exceptionSystem.InvalidOperationException: Unable to resolve service for type 'AspNetCoreRateLimit.IProcessingStrategy' while attempting to activate 'AspNetCoreRateLimit.IpRateLimitMiddleware'.
   at Microsoft.Extensions.Internal.ActivatorUtilities.ConstructorMatcher.CreateInstance(IServiceProvider provider)
   at Microsoft.Extensions.Internal.ActivatorUtilities.CreateInstance(IServiceProvider provider, Type instanceType, Object[] parameters)
   at Microsoft.AspNetCore.Builder.UseMiddlewareExtensions.ReflectionMiddlewareBinder.CreateMiddleware(RequestDelegate next)
   at Microsoft.AspNetCore.Builder.ApplicationBuilder.Build()
   at Microsoft.AspNetCore.Builder.ApplicationBuilder.Build()
   at Microsoft.AspNetCore.Hosting.GenericWebHostService.StartAsync(CancellationToken cancellationToken)

2024-10-24 08:04:44.744 +07:00  ERR  Hosting failed to startSystem.InvalidOperationException: Unable to resolve service for type 'AspNetCoreRateLimit.IProcessingStrategy' while attempting to activate 'AspNetCoreRateLimit.IpRateLimitMiddleware'.
   at Microsoft.Extensions.Internal.ActivatorUtilities.ConstructorMatcher.CreateInstance(IServiceProvider provider)
   at Microsoft.Extensions.Internal.ActivatorUtilities.CreateInstance(IServiceProvider provider, Type instanceType, Object[] parameters)
   at Microsoft.AspNetCore.Builder.UseMiddlewareExtensions.ReflectionMiddlewareBinder.CreateMiddleware(RequestDelegate next)
   at Microsoft.AspNetCore.Builder.ApplicationBuilder.Build()
   at Microsoft.AspNetCore.Builder.ApplicationBuilder.Build()
   at Microsoft.AspNetCore.Hosting.GenericWebHostService.StartAsync(CancellationToken cancellationToken)
   at Microsoft.Extensions.Hosting.Internal.Host.<StartAsync>b__15_1(IHostedService service, CancellationToken token)
   at Microsoft.Extensions.Hosting.Internal.Host.ForeachService[T](IEnumerable`1 services, CancellationToken token, Boolean concurrent, Boolean abortOnFirstException, List`1 exceptions, Func`3 operation)

2024-10-24 08:06:35.977 +07:00  ERR  An unhandled exception has occurred while executing the request.Swashbuckle.AspNetCore.SwaggerGen.SwaggerGeneratorException: Conflicting method/path combination "GET api/v{version}/CheckVersion" for actions - CheckVersionController.GetProducts (WebAPI),CheckVersionV2Controller.GetProducts (WebAPI). Actions require a unique method/path combination for Swagger/OpenAPI 3.0. Use ConflictingActionsResolver as a workaround
   at Swashbuckle.AspNetCore.SwaggerGen.SwaggerGenerator.GenerateOperations(IEnumerable`1 apiDescriptions, SchemaRepository schemaRepository)
   at Swashbuckle.AspNetCore.SwaggerGen.SwaggerGenerator.GeneratePaths(IEnumerable`1 apiDescriptions, SchemaRepository schemaRepository)
   at Swashbuckle.AspNetCore.SwaggerGen.SwaggerGenerator.GetSwaggerDocumentWithoutFilters(String documentName, String host, String basePath)
   at Swashbuckle.AspNetCore.SwaggerGen.SwaggerGenerator.GetSwaggerAsync(String documentName, String host, String basePath)
   at Swashbuckle.AspNetCore.Swagger.SwaggerMiddleware.Invoke(HttpContext httpContext, ISwaggerProvider swaggerProvider)
   at Microsoft.AspNetCore.Diagnostics.DeveloperExceptionPageMiddlewareImpl.Invoke(HttpContext context)

2024-10-24 09:30:16.695 +07:00  ERR  An unhandled exception has occurred while executing the request.Swashbuckle.AspNetCore.SwaggerGen.SwaggerGeneratorException: Failed to generate Operation for action - WebAPI.Controllers.AuthController.Register (WebAPI). See inner exception
 ---> System.ArgumentException: An item with the same key has already been added. Key: 200
   at System.Collections.Generic.Dictionary`2.TryInsert(TKey key, TValue value, InsertionBehavior behavior)
   at System.Collections.Generic.Dictionary`2.Add(TKey key, TValue value)
   at ProducesResponseTypeFilter.Apply(OpenApiOperation operation, OperationFilterContext context) in D:\Code\WebAPI\WebAPI\ProducesResponseTypeFilter .cs:line 9
   at Swashbuckle.AspNetCore.SwaggerGen.SwaggerGenerator.GenerateOperation(ApiDescription apiDescription, SchemaRepository schemaRepository)
   --- End of inner exception stack trace ---
   at Swashbuckle.AspNetCore.SwaggerGen.SwaggerGenerator.GenerateOperation(ApiDescription apiDescription, SchemaRepository schemaRepository)
   at Swashbuckle.AspNetCore.SwaggerGen.SwaggerGenerator.GenerateOperations(IEnumerable`1 apiDescriptions, SchemaRepository schemaRepository)
   at Swashbuckle.AspNetCore.SwaggerGen.SwaggerGenerator.GeneratePaths(IEnumerable`1 apiDescriptions, SchemaRepository schemaRepository)
   at Swashbuckle.AspNetCore.SwaggerGen.SwaggerGenerator.GetSwaggerDocumentWithoutFilters(String documentName, String host, String basePath)
   at Swashbuckle.AspNetCore.SwaggerGen.SwaggerGenerator.GetSwaggerAsync(String documentName, String host, String basePath)
   at Swashbuckle.AspNetCore.Swagger.SwaggerMiddleware.Invoke(HttpContext httpContext, ISwaggerProvider swaggerProvider)
   at Microsoft.AspNetCore.Diagnostics.DeveloperExceptionPageMiddlewareImpl.Invoke(HttpContext context)

2024-10-24 09:31:01.589 +07:00  ERR  An unhandled exception has occurred while executing the request.Swashbuckle.AspNetCore.SwaggerGen.SwaggerGeneratorException: Failed to generate Operation for action - WebAPI.Controllers.AuthController.Register (WebAPI). See inner exception
 ---> System.ArgumentException: An item with the same key has already been added. Key: 200
   at System.Collections.Generic.Dictionary`2.TryInsert(TKey key, TValue value, InsertionBehavior behavior)
   at System.Collections.Generic.Dictionary`2.Add(TKey key, TValue value)
   at ProducesResponseTypeFilter.Apply(OpenApiOperation operation, OperationFilterContext context) in D:\Code\WebAPI\WebAPI\ProducesResponseTypeFilter .cs:line 9
   at Swashbuckle.AspNetCore.SwaggerGen.SwaggerGenerator.GenerateOperation(ApiDescription apiDescription, SchemaRepository schemaRepository)
   --- End of inner exception stack trace ---
   at Swashbuckle.AspNetCore.SwaggerGen.SwaggerGenerator.GenerateOperation(ApiDescription apiDescription, SchemaRepository schemaRepository)
   at Swashbuckle.AspNetCore.SwaggerGen.SwaggerGenerator.GenerateOperations(IEnumerable`1 apiDescriptions, SchemaRepository schemaRepository)
   at Swashbuckle.AspNetCore.SwaggerGen.SwaggerGenerator.GeneratePaths(IEnumerable`1 apiDescriptions, SchemaRepository schemaRepository)
   at Swashbuckle.AspNetCore.SwaggerGen.SwaggerGenerator.GetSwaggerDocumentWithoutFilters(String documentName, String host, String basePath)
   at Swashbuckle.AspNetCore.SwaggerGen.SwaggerGenerator.GetSwaggerAsync(String documentName, String host, String basePath)
   at Swashbuckle.AspNetCore.Swagger.SwaggerMiddleware.Invoke(HttpContext httpContext, ISwaggerProvider swaggerProvider)
   at Microsoft.AspNetCore.Diagnostics.DeveloperExceptionPageMiddlewareImpl.Invoke(HttpContext context)

