2024-11-13 09:31:56.238 +07:00  INF  Request from IP: ::1
2024-11-13 09:31:56.253 +07:00  INF  IP ::1 is whitelisted. Skipping authentication.
2024-11-13 09:31:56.310 +07:00  INF  API: /Migrations/, Status Code: 404, Response Time: 0 ms
2024-11-13 09:36:39.993 +07:00  ERR  Failed executing DbCommand (6ms) [Parameters=[], CommandType='"Text"', CommandTimeout='30']

            CREATE PROCEDURE GetMovies
            AS
            BEGIN
                SELECT * FROM Movies;
            END
2024-11-13 09:39:18.572 +07:00  ERR  Failed executing DbCommand (1ms) [Parameters=[], CommandType='"Text"', CommandTimeout='30']

            CREATE PROCEDURE GetMovies
            AS
            BEGIN
                SELECT * FROM Movies;
            END
2024-11-13 09:41:35.572 +07:00  ERR  Failed executing DbCommand (2ms) [Parameters=[], CommandType='"Text"', CommandTimeout='30']

            CREATE PROCEDURE GetMovieID @id
            AS
            BEGIN
                SELECT * FROM Movies Where ID = @id;
            END
