2024-10-24 07:59:09.654 +07:00  FTL  Application startup exceptionSystem.InvalidOperationException: Unable to resolve service for type 'AspNetCoreRateLimit.IProcessingStrategy' while attempting to activate 'AspNetCoreRateLimit.IpRateLimitMiddleware'.
   at Microsoft.Extensions.Internal.ActivatorUtilities.ConstructorMatcher.CreateInstance(IServiceProvider provider)
   at Microsoft.Extensions.Internal.ActivatorUtilities.CreateInstance(IServiceProvider provider, Type instanceType, Object[] parameters)
   at Microsoft.AspNetCore.Builder.UseMiddlewareExtensions.ReflectionMiddlewareBinder.CreateMiddleware(RequestDelegate next)
   at Microsoft.AspNetCore.Builder.ApplicationBuilder.Build()
   at Microsoft.AspNetCore.Builder.ApplicationBuilder.Build()
   at Microsoft.AspNetCore.Hosting.GenericWebHostService.StartAsync(CancellationToken cancellationToken)

2024-10-24 07:59:09.679 +07:00  ERR  Hosting failed to startSystem.InvalidOperationException: Unable to resolve service for type 'AspNetCoreRateLimit.IProcessingStrategy' while attempting to activate 'AspNetCoreRateLimit.IpRateLimitMiddleware'.
   at Microsoft.Extensions.Internal.ActivatorUtilities.ConstructorMatcher.CreateInstance(IServiceProvider provider)
   at Microsoft.Extensions.Internal.ActivatorUtilities.CreateInstance(IServiceProvider provider, Type instanceType, Object[] parameters)
   at Microsoft.AspNetCore.Builder.UseMiddlewareExtensions.ReflectionMiddlewareBinder.CreateMiddleware(RequestDelegate next)
   at Microsoft.AspNetCore.Builder.ApplicationBuilder.Build()
   at Microsoft.AspNetCore.Builder.ApplicationBuilder.Build()
   at Microsoft.AspNetCore.Hosting.GenericWebHostService.StartAsync(CancellationToken cancellationToken)
   at Microsoft.Extensions.Hosting.Internal.Host.<StartAsync>b__15_1(IHostedService service, CancellationToken token)
   at Microsoft.Extensions.Hosting.Internal.Host.ForeachService[T](IEnumerable`1 services, CancellationToken token, Boolean concurrent, Boolean abortOnFirstException, List`1 exceptions, Func`3 operation)

2024-10-24 07:59:23.084 +07:00  FTL  Application startup exceptionSystem.InvalidOperationException: Unable to resolve service for type 'AspNetCoreRateLimit.IProcessingStrategy' while attempting to activate 'AspNetCoreRateLimit.IpRateLimitMiddleware'.
   at Microsoft.Extensions.Internal.ActivatorUtilities.ConstructorMatcher.CreateInstance(IServiceProvider provider)
   at Microsoft.Extensions.Internal.ActivatorUtilities.CreateInstance(IServiceProvider provider, Type instanceType, Object[] parameters)
   at Microsoft.AspNetCore.Builder.UseMiddlewareExtensions.ReflectionMiddlewareBinder.CreateMiddleware(RequestDelegate next)
   at Microsoft.AspNetCore.Builder.ApplicationBuilder.Build()
   at Microsoft.AspNetCore.Builder.ApplicationBuilder.Build()
   at Microsoft.AspNetCore.Hosting.GenericWebHostService.StartAsync(CancellationToken cancellationToken)

2024-10-24 07:59:23.119 +07:00  ERR  Hosting failed to startSystem.InvalidOperationException: Unable to resolve service for type 'AspNetCoreRateLimit.IProcessingStrategy' while attempting to activate 'AspNetCoreRateLimit.IpRateLimitMiddleware'.
   at Microsoft.Extensions.Internal.ActivatorUtilities.ConstructorMatcher.CreateInstance(IServiceProvider provider)
   at Microsoft.Extensions.Internal.ActivatorUtilities.CreateInstance(IServiceProvider provider, Type instanceType, Object[] parameters)
   at Microsoft.AspNetCore.Builder.UseMiddlewareExtensions.ReflectionMiddlewareBinder.CreateMiddleware(RequestDelegate next)
   at Microsoft.AspNetCore.Builder.ApplicationBuilder.Build()
   at Microsoft.AspNetCore.Builder.ApplicationBuilder.Build()
   at Microsoft.AspNetCore.Hosting.GenericWebHostService.StartAsync(CancellationToken cancellationToken)
   at Microsoft.Extensions.Hosting.Internal.Host.<StartAsync>b__15_1(IHostedService service, CancellationToken token)
   at Microsoft.Extensions.Hosting.Internal.Host.ForeachService[T](IEnumerable`1 services, CancellationToken token, Boolean concurrent, Boolean abortOnFirstException, List`1 exceptions, Func`3 operation)

2024-10-24 08:02:37.943 +07:00  ERR  An unhandled exception has occurred while executing the request.Swashbuckle.AspNetCore.SwaggerGen.SwaggerGeneratorException: Conflicting method/path combination "GET api/v{version}/CheckVersion" for actions - CheckVersionController.GetProducts (WebAPI),CheckVersionV2Controller.GetProducts (WebAPI). Actions require a unique method/path combination for Swagger/OpenAPI 3.0. Use ConflictingActionsResolver as a workaround
   at Swashbuckle.AspNetCore.SwaggerGen.SwaggerGenerator.GenerateOperations(IEnumerable`1 apiDescriptions, SchemaRepository schemaRepository)
   at Swashbuckle.AspNetCore.SwaggerGen.SwaggerGenerator.GeneratePaths(IEnumerable`1 apiDescriptions, SchemaRepository schemaRepository)
   at Swashbuckle.AspNetCore.SwaggerGen.SwaggerGenerator.GetSwaggerDocumentWithoutFilters(String documentName, String host, String basePath)
   at Swashbuckle.AspNetCore.SwaggerGen.SwaggerGenerator.GetSwaggerAsync(String documentName, String host, String basePath)
   at Swashbuckle.AspNetCore.Swagger.SwaggerMiddleware.Invoke(HttpContext httpContext, ISwaggerProvider swaggerProvider)
   at Microsoft.AspNetCore.Diagnostics.DeveloperExceptionPageMiddlewareImpl.Invoke(HttpContext context)

2024-10-24 08:02:56.041 +07:00  ERR  An unhandled exception has occurred while executing the request.Swashbuckle.AspNetCore.SwaggerGen.SwaggerGeneratorException: Conflicting method/path combination "GET api/v{version}/CheckVersion" for actions - CheckVersionController.GetProducts (WebAPI),CheckVersionV2Controller.GetProducts (WebAPI). Actions require a unique method/path combination for Swagger/OpenAPI 3.0. Use ConflictingActionsResolver as a workaround
   at Swashbuckle.AspNetCore.SwaggerGen.SwaggerGenerator.GenerateOperations(IEnumerable`1 apiDescriptions, SchemaRepository schemaRepository)
   at Swashbuckle.AspNetCore.SwaggerGen.SwaggerGenerator.GeneratePaths(IEnumerable`1 apiDescriptions, SchemaRepository schemaRepository)
   at Swashbuckle.AspNetCore.SwaggerGen.SwaggerGenerator.GetSwaggerDocumentWithoutFilters(String documentName, String host, String basePath)
   at Swashbuckle.AspNetCore.SwaggerGen.SwaggerGenerator.GetSwaggerAsync(String documentName, String host, String basePath)
   at Swashbuckle.AspNetCore.Swagger.SwaggerMiddleware.Invoke(HttpContext httpContext, ISwaggerProvider swaggerProvider)
   at Microsoft.AspNetCore.Diagnostics.DeveloperExceptionPageMiddlewareImpl.Invoke(HttpContext context)

2024-10-24 08:03:06.915 +07:00  FTL  Application startup exceptionSystem.InvalidOperationException: Unable to resolve service for type 'AspNetCoreRateLimit.IProcessingStrategy' while attempting to activate 'AspNetCoreRateLimit.IpRateLimitMiddleware'.
   at Microsoft.Extensions.Internal.ActivatorUtilities.ConstructorMatcher.CreateInstance(IServiceProvider provider)
   at Microsoft.Extensions.Internal.ActivatorUtilities.CreateInstance(IServiceProvider provider, Type instanceType, Object[] parameters)
   at Microsoft.AspNetCore.Builder.UseMiddlewareExtensions.ReflectionMiddlewareBinder.CreateMiddleware(RequestDelegate next)
   at Microsoft.AspNetCore.Builder.ApplicationBuilder.Build()
   at Microsoft.AspNetCore.Builder.ApplicationBuilder.Build()
   at Microsoft.AspNetCore.Hosting.GenericWebHostService.StartAsync(CancellationToken cancellationToken)

2024-10-24 08:03:06.940 +07:00  ERR  Hosting failed to startSystem.InvalidOperationException: Unable to resolve service for type 'AspNetCoreRateLimit.IProcessingStrategy' while attempting to activate 'AspNetCoreRateLimit.IpRateLimitMiddleware'.
   at Microsoft.Extensions.Internal.ActivatorUtilities.ConstructorMatcher.CreateInstance(IServiceProvider provider)
   at Microsoft.Extensions.Internal.ActivatorUtilities.CreateInstance(IServiceProvider provider, Type instanceType, Object[] parameters)
   at Microsoft.AspNetCore.Builder.UseMiddlewareExtensions.ReflectionMiddlewareBinder.CreateMiddleware(RequestDelegate next)
   at Microsoft.AspNetCore.Builder.ApplicationBuilder.Build()
   at Microsoft.AspNetCore.Builder.ApplicationBuilder.Build()
   at Microsoft.AspNetCore.Hosting.GenericWebHostService.StartAsync(CancellationToken cancellationToken)
   at Microsoft.Extensions.Hosting.Internal.Host.<StartAsync>b__15_1(IHostedService service, CancellationToken token)
   at Microsoft.Extensions.Hosting.Internal.Host.ForeachService[T](IEnumerable`1 services, CancellationToken token, Boolean concurrent, Boolean abortOnFirstException, List`1 exceptions, Func`3 operation)

2024-10-24 08:03:54.893 +07:00  ERR  An unhandled exception has occurred while executing the request.Swashbuckle.AspNetCore.SwaggerGen.SwaggerGeneratorException: Conflicting method/path combination "GET api/v{version}/CheckVersion" for actions - CheckVersionController.GetProducts (WebAPI),CheckVersionV2Controller.GetProducts (WebAPI). Actions require a unique method/path combination for Swagger/OpenAPI 3.0. Use ConflictingActionsResolver as a workaround
   at Swashbuckle.AspNetCore.SwaggerGen.SwaggerGenerator.GenerateOperations(IEnumerable`1 apiDescriptions, SchemaRepository schemaRepository)
   at Swashbuckle.AspNetCore.SwaggerGen.SwaggerGenerator.GeneratePaths(IEnumerable`1 apiDescriptions, SchemaRepository schemaRepository)
   at Swashbuckle.AspNetCore.SwaggerGen.SwaggerGenerator.GetSwaggerDocumentWithoutFilters(String documentName, String host, String basePath)
   at Swashbuckle.AspNetCore.SwaggerGen.SwaggerGenerator.GetSwaggerAsync(String documentName, String host, String basePath)
   at Swashbuckle.AspNetCore.Swagger.SwaggerMiddleware.Invoke(HttpContext httpContext, ISwaggerProvider swaggerProvider)
   at Microsoft.AspNetCore.Diagnostics.DeveloperExceptionPageMiddlewareImpl.Invoke(HttpContext context)

2024-10-24 08:04:20.443 +07:00  ERR  An unhandled exception has occurred while executing the request.System.InvalidOperationException: The constraint reference 'apiVersion' could not be resolved to a type. Register the constraint type with 'Microsoft.AspNetCore.Routing.RouteOptions.ConstraintMap'.
   at Microsoft.AspNetCore.Routing.DefaultParameterPolicyFactory.Create(RoutePatternParameterPart parameter, String inlineText)
   at Microsoft.AspNetCore.Routing.Matching.DfaMatcherBuilder.CachingParameterPolicyFactory.Create(RoutePatternParameterPart parameter, String inlineText)
   at Microsoft.AspNetCore.Routing.Matching.DfaMatcherBuilder.CreateCandidate(Endpoint endpoint, Int32 score)
   at Microsoft.AspNetCore.Routing.Matching.DfaMatcherBuilder.CreateCandidates(IReadOnlyList`1 endpoints)
   at Microsoft.AspNetCore.Routing.Matching.DfaMatcherBuilder.AddNode(DfaNode node, DfaState[] states, Int32 exitDestination)
   at Microsoft.AspNetCore.Routing.Matching.DfaMatcherBuilder.AddNode(DfaNode node, DfaState[] states, Int32 exitDestination)
   at Microsoft.AspNetCore.Routing.Matching.DfaMatcherBuilder.AddNode(DfaNode node, DfaState[] states, Int32 exitDestination)
   at Microsoft.AspNetCore.Routing.Matching.DfaMatcherBuilder.AddNode(DfaNode node, DfaState[] states, Int32 exitDestination)
   at Microsoft.AspNetCore.Routing.Matching.DfaMatcherBuilder.AddNode(DfaNode node, DfaState[] states, Int32 exitDestination)
   at Microsoft.AspNetCore.Routing.Matching.DfaMatcherBuilder.Build()
   at Microsoft.AspNetCore.Routing.Matching.DataSourceDependentMatcher.CreateMatcher(IReadOnlyList`1 endpoints)
   at Microsoft.AspNetCore.Routing.DataSourceDependentCache`1.Initialize()
   at System.Threading.LazyInitializer.EnsureInitializedCore[T](T& target, Boolean& initialized, Object& syncLock, Func`1 valueFactory)
   at Microsoft.AspNetCore.Routing.Matching.DataSourceDependentMatcher..ctor(EndpointDataSource dataSource, Lifetime lifetime, Func`1 matcherBuilderFactory)
   at Microsoft.AspNetCore.Routing.Matching.DfaMatcherFactory.CreateMatcher(EndpointDataSource dataSource)
   at Microsoft.AspNetCore.Routing.EndpointRoutingMiddleware.InitializeCoreAsync()
--- End of stack trace from previous location ---
   at Microsoft.AspNetCore.Routing.EndpointRoutingMiddleware.<Invoke>g__AwaitMatcher|10_0(EndpointRoutingMiddleware middleware, HttpContext httpContext, Task`1 matcherTask)
   at Microsoft.AspNetCore.Diagnostics.DeveloperExceptionPageMiddlewareImpl.Invoke(HttpContext context)

2024-10-24 08:04:20.556 +07:00  ERR  An unhandled exception has occurred while executing the request.System.InvalidOperationException: The constraint reference 'apiVersion' could not be resolved to a type. Register the constraint type with 'Microsoft.AspNetCore.Routing.RouteOptions.ConstraintMap'.
   at Microsoft.AspNetCore.Routing.DefaultParameterPolicyFactory.Create(RoutePatternParameterPart parameter, String inlineText)
   at Microsoft.AspNetCore.Routing.Matching.DfaMatcherBuilder.CachingParameterPolicyFactory.Create(RoutePatternParameterPart parameter, String inlineText)
   at Microsoft.AspNetCore.Routing.Matching.DfaMatcherBuilder.CreateCandidate(Endpoint endpoint, Int32 score)
   at Microsoft.AspNetCore.Routing.Matching.DfaMatcherBuilder.CreateCandidates(IReadOnlyList`1 endpoints)
   at Microsoft.AspNetCore.Routing.Matching.DfaMatcherBuilder.AddNode(DfaNode node, DfaState[] states, Int32 exitDestination)
   at Microsoft.AspNetCore.Routing.Matching.DfaMatcherBuilder.AddNode(DfaNode node, DfaState[] states, Int32 exitDestination)
   at Microsoft.AspNetCore.Routing.Matching.DfaMatcherBuilder.AddNode(DfaNode node, DfaState[] states, Int32 exitDestination)
   at Microsoft.AspNetCore.Routing.Matching.DfaMatcherBuilder.AddNode(DfaNode node, DfaState[] states, Int32 exitDestination)
   at Microsoft.AspNetCore.Routing.Matching.DfaMatcherBuilder.AddNode(DfaNode node, DfaState[] states, Int32 exitDestination)
   at Microsoft.AspNetCore.Routing.Matching.DfaMatcherBuilder.Build()
   at Microsoft.AspNetCore.Routing.Matching.DataSourceDependentMatcher.CreateMatcher(IReadOnlyList`1 endpoints)
   at Microsoft.AspNetCore.Routing.DataSourceDependentCache`1.Initialize()
   at System.Threading.LazyInitializer.EnsureInitializedCore[T](T& target, Boolean& initialized, Object& syncLock, Func`1 valueFactory)
   at Microsoft.AspNetCore.Routing.Matching.DataSourceDependentMatcher..ctor(EndpointDataSource dataSource, Lifetime lifetime, Func`1 matcherBuilderFactory)
   at Microsoft.AspNetCore.Routing.Matching.DfaMatcherFactory.CreateMatcher(EndpointDataSource dataSource)
   at Microsoft.AspNetCore.Routing.EndpointRoutingMiddleware.InitializeCoreAsync()
--- End of stack trace from previous location ---
   at Microsoft.AspNetCore.Routing.EndpointRoutingMiddleware.<Invoke>g__AwaitMatcher|10_0(EndpointRoutingMiddleware middleware, HttpContext httpContext, Task`1 matcherTask)
   at Microsoft.AspNetCore.Diagnostics.DeveloperExceptionPageMiddlewareImpl.Invoke(HttpContext context)

2024-10-24 08:04:44.722 +07:00  FTL  Application startup exceptionSystem.InvalidOperationException: Unable to resolve service for type 'AspNetCoreRateLimit.IProcessingStrategy' while attempting to activate 'AspNetCoreRateLimit.IpRateLimitMiddleware'.
   at Microsoft.Extensions.Internal.ActivatorUtilities.ConstructorMatcher.CreateInstance(IServiceProvider provider)
   at Microsoft.Extensions.Internal.ActivatorUtilities.CreateInstance(IServiceProvider provider, Type instanceType, Object[] parameters)
   at Microsoft.AspNetCore.Builder.UseMiddlewareExtensions.ReflectionMiddlewareBinder.CreateMiddleware(RequestDelegate next)
   at Microsoft.AspNetCore.Builder.ApplicationBuilder.Build()
   at Microsoft.AspNetCore.Builder.ApplicationBuilder.Build()
   at Microsoft.AspNetCore.Hosting.GenericWebHostService.StartAsync(CancellationToken cancellationToken)

2024-10-24 08:04:44.744 +07:00  ERR  Hosting failed to startSystem.InvalidOperationException: Unable to resolve service for type 'AspNetCoreRateLimit.IProcessingStrategy' while attempting to activate 'AspNetCoreRateLimit.IpRateLimitMiddleware'.
   at Microsoft.Extensions.Internal.ActivatorUtilities.ConstructorMatcher.CreateInstance(IServiceProvider provider)
   at Microsoft.Extensions.Internal.ActivatorUtilities.CreateInstance(IServiceProvider provider, Type instanceType, Object[] parameters)
   at Microsoft.AspNetCore.Builder.UseMiddlewareExtensions.ReflectionMiddlewareBinder.CreateMiddleware(RequestDelegate next)
   at Microsoft.AspNetCore.Builder.ApplicationBuilder.Build()
   at Microsoft.AspNetCore.Builder.ApplicationBuilder.Build()
   at Microsoft.AspNetCore.Hosting.GenericWebHostService.StartAsync(CancellationToken cancellationToken)
   at Microsoft.Extensions.Hosting.Internal.Host.<StartAsync>b__15_1(IHostedService service, CancellationToken token)
   at Microsoft.Extensions.Hosting.Internal.Host.ForeachService[T](IEnumerable`1 services, CancellationToken token, Boolean concurrent, Boolean abortOnFirstException, List`1 exceptions, Func`3 operation)

2024-10-24 08:06:35.977 +07:00  ERR  An unhandled exception has occurred while executing the request.Swashbuckle.AspNetCore.SwaggerGen.SwaggerGeneratorException: Conflicting method/path combination "GET api/v{version}/CheckVersion" for actions - CheckVersionController.GetProducts (WebAPI),CheckVersionV2Controller.GetProducts (WebAPI). Actions require a unique method/path combination for Swagger/OpenAPI 3.0. Use ConflictingActionsResolver as a workaround
   at Swashbuckle.AspNetCore.SwaggerGen.SwaggerGenerator.GenerateOperations(IEnumerable`1 apiDescriptions, SchemaRepository schemaRepository)
   at Swashbuckle.AspNetCore.SwaggerGen.SwaggerGenerator.GeneratePaths(IEnumerable`1 apiDescriptions, SchemaRepository schemaRepository)
   at Swashbuckle.AspNetCore.SwaggerGen.SwaggerGenerator.GetSwaggerDocumentWithoutFilters(String documentName, String host, String basePath)
   at Swashbuckle.AspNetCore.SwaggerGen.SwaggerGenerator.GetSwaggerAsync(String documentName, String host, String basePath)
   at Swashbuckle.AspNetCore.Swagger.SwaggerMiddleware.Invoke(HttpContext httpContext, ISwaggerProvider swaggerProvider)
   at Microsoft.AspNetCore.Diagnostics.DeveloperExceptionPageMiddlewareImpl.Invoke(HttpContext context)

2024-10-24 08:08:47.565 +07:00  INF  Request from IP: ::1
2024-10-24 08:08:47.579 +07:00  INF  IP ::1 is whitelisted. Skipping authentication.
2024-10-24 08:08:48.454 +07:00  INF  API: /api/v1/CheckVersion, Status Code: 200, Response Time: 11 ms
2024-10-24 08:08:51.808 +07:00  INF  Request from IP: ::1
2024-10-24 08:08:51.809 +07:00  INF  IP ::1 is whitelisted. Skipping authentication.
2024-10-24 08:08:51.814 +07:00  INF  API: /api/v2/CheckVersion, Status Code: 400, Response Time: 1 ms
2024-10-24 08:09:23.194 +07:00  INF  Request from IP: ::1
2024-10-24 08:09:23.194 +07:00  INF  IP ::1 is whitelisted. Skipping authentication.
2024-10-24 08:09:23.415 +07:00  INF  Fetching data from database.
2024-10-24 08:09:24.235 +07:00  INF  API: /api/Movies, Status Code: 200, Response Time: 1036 ms
2024-10-24 08:10:52.698 +07:00  INF  Request from IP: ::1
2024-10-24 08:10:52.720 +07:00  INF  IP ::1 is whitelisted. Skipping authentication.
2024-10-24 08:10:52.807 +07:00  INF  API: /api/v1/CheckVersion, Status Code: 200, Response Time: 14 ms
2024-10-24 08:10:55.105 +07:00  INF  Request from IP: ::1
2024-10-24 08:10:55.105 +07:00  INF  IP ::1 is whitelisted. Skipping authentication.
2024-10-24 08:10:55.111 +07:00  INF  API: /api/v2/CheckVersion, Status Code: 400, Response Time: 4 ms
2024-10-24 08:11:31.383 +07:00  INF  Request from IP: ::1
2024-10-24 08:11:31.383 +07:00  INF  IP ::1 is whitelisted. Skipping authentication.
2024-10-24 08:11:31.394 +07:00  INF  API: /api/v2/CheckVersion, Status Code: 400, Response Time: 8 ms
2024-10-24 08:11:31.414 +07:00  INF  Request from IP: ::1
2024-10-24 08:11:31.415 +07:00  INF  IP ::1 is whitelisted. Skipping authentication.
2024-10-24 08:11:31.417 +07:00  INF  API: /favicon.ico, Status Code: 404, Response Time: 0 ms
2024-10-24 08:11:36.843 +07:00  INF  Request from IP: ::1
2024-10-24 08:11:36.844 +07:00  INF  IP ::1 is whitelisted. Skipping authentication.
2024-10-24 08:11:36.845 +07:00  INF  API: /api/v1/CheckVersion, Status Code: 200, Response Time: 0 ms
2024-10-24 08:11:39.957 +07:00  INF  Request from IP: ::1
2024-10-24 08:11:39.958 +07:00  INF  IP ::1 is whitelisted. Skipping authentication.
2024-10-24 08:11:39.959 +07:00  INF  API: /api/v2/CheckVersion, Status Code: 400, Response Time: 0 ms
2024-10-24 08:12:53.629 +07:00  INF  Request from IP: ::1
2024-10-24 08:12:53.644 +07:00  INF  IP ::1 is whitelisted. Skipping authentication.
2024-10-24 08:12:53.696 +07:00  INF  API: /api/v1/CheckVersion, Status Code: 200, Response Time: 7 ms
2024-10-24 08:12:56.906 +07:00  INF  Request from IP: ::1
2024-10-24 08:12:56.906 +07:00  INF  IP ::1 is whitelisted. Skipping authentication.
2024-10-24 08:12:56.909 +07:00  INF  API: /api/v2/CheckVersion, Status Code: 200, Response Time: 1 ms
2024-10-24 08:14:24.496 +07:00  INF  Request from IP: ::1
2024-10-24 08:14:24.496 +07:00  INF  IP ::1 is whitelisted. Skipping authentication.
2024-10-24 08:14:24.499 +07:00  INF  API: /api/v1/CheckVersion, Status Code: 200, Response Time: 0 ms
2024-10-24 08:14:37.035 +07:00  INF  Request from IP: ::1
2024-10-24 08:14:37.050 +07:00  INF  IP ::1 is whitelisted. Skipping authentication.
2024-10-24 08:14:37.104 +07:00  INF  API: /api/v1/CheckVersion, Status Code: 200, Response Time: 9 ms
2024-10-24 08:14:39.266 +07:00  INF  Request from IP: ::1
2024-10-24 08:14:39.266 +07:00  INF  IP ::1 is whitelisted. Skipping authentication.
2024-10-24 08:14:39.270 +07:00  INF  API: /api/v2/CheckVersion, Status Code: 200, Response Time: 1 ms
2024-10-24 08:15:23.313 +07:00  INF  Request from IP: ::1
2024-10-24 08:15:23.313 +07:00  INF  IP ::1 is whitelisted. Skipping authentication.
2024-10-24 08:15:23.400 +07:00  INF  Fetching data from database.
2024-10-24 08:15:24.116 +07:00  INF  API: /api/Movies, Status Code: 200, Response Time: 796 ms
2024-10-24 08:16:58.708 +07:00  INF  Request from IP: ::1
2024-10-24 08:16:58.708 +07:00  INF  IP ::1 is whitelisted. Skipping authentication.
2024-10-24 08:16:58.710 +07:00  INF  Returning data from cache.
2024-10-24 08:16:58.711 +07:00  INF  API: /api/Movies, Status Code: 200, Response Time: 1 ms
2024-10-24 08:17:00.222 +07:00  INF  Request from IP: ::1
2024-10-24 08:17:00.222 +07:00  INF  IP ::1 is whitelisted. Skipping authentication.
2024-10-24 08:17:00.225 +07:00  INF  Returning data from cache.
2024-10-24 08:17:00.226 +07:00  INF  API: /api/Movies, Status Code: 200, Response Time: 1 ms
2024-10-24 08:17:01.106 +07:00  INF  Request from IP: ::1
2024-10-24 08:17:01.106 +07:00  INF  IP ::1 is whitelisted. Skipping authentication.
2024-10-24 08:17:01.107 +07:00  INF  Returning data from cache.
2024-10-24 08:17:01.108 +07:00  INF  API: /api/Movies, Status Code: 200, Response Time: 0 ms
2024-10-24 08:17:01.650 +07:00  INF  Request from IP: ::1
2024-10-24 08:17:01.650 +07:00  INF  IP ::1 is whitelisted. Skipping authentication.
2024-10-24 08:17:01.651 +07:00  INF  Returning data from cache.
2024-10-24 08:17:01.651 +07:00  INF  API: /api/Movies, Status Code: 200, Response Time: 0 ms
2024-10-24 08:17:01.863 +07:00  INF  Request from IP: ::1
2024-10-24 08:17:01.864 +07:00  INF  IP ::1 is whitelisted. Skipping authentication.
2024-10-24 08:17:01.865 +07:00  INF  Returning data from cache.
2024-10-24 08:17:01.865 +07:00  INF  API: /api/Movies, Status Code: 200, Response Time: 0 ms
2024-10-24 08:17:02.015 +07:00  INF  Request from IP: ::1
2024-10-24 08:17:02.015 +07:00  INF  IP ::1 is whitelisted. Skipping authentication.
2024-10-24 08:17:02.016 +07:00  INF  Returning data from cache.
2024-10-24 08:17:02.016 +07:00  INF  API: /api/Movies, Status Code: 200, Response Time: 0 ms
2024-10-24 08:17:02.158 +07:00  INF  Request from IP: ::1
2024-10-24 08:17:02.158 +07:00  INF  IP ::1 is whitelisted. Skipping authentication.
2024-10-24 08:17:02.159 +07:00  INF  Returning data from cache.
2024-10-24 08:17:02.159 +07:00  INF  API: /api/Movies, Status Code: 200, Response Time: 0 ms
2024-10-24 08:17:07.180 +07:00  INF  Request from IP: ::1
2024-10-24 08:17:07.180 +07:00  INF  IP ::1 is whitelisted. Skipping authentication.
2024-10-24 08:17:07.347 +07:00  INF  API: /api/Movies/1, Status Code: 200, Response Time: 165 ms
2024-10-24 08:17:09.724 +07:00  INF  Request from IP: ::1
2024-10-24 08:17:09.724 +07:00  INF  IP ::1 is whitelisted. Skipping authentication.
2024-10-24 08:17:09.778 +07:00  INF  API: /api/Movies/2, Status Code: 200, Response Time: 53 ms
2024-10-24 08:17:13.163 +07:00  INF  Request from IP: ::1
2024-10-24 08:17:13.163 +07:00  INF  IP ::1 is whitelisted. Skipping authentication.
2024-10-24 08:17:13.175 +07:00  INF  API: /api/test, Status Code: 200, Response Time: 11 ms
2024-10-24 08:18:06.883 +07:00  INF  Request from IP: ::1
2024-10-24 08:18:06.883 +07:00  INF  IP ::1 is whitelisted. Skipping authentication.
2024-10-24 08:18:06.884 +07:00  INF  Returning data from cache.
2024-10-24 08:18:06.884 +07:00  INF  API: /api/Movies, Status Code: 200, Response Time: 0 ms
2024-10-24 08:18:08.876 +07:00  INF  Request from IP: ::1
2024-10-24 08:18:08.877 +07:00  INF  IP ::1 is whitelisted. Skipping authentication.
2024-10-24 08:18:08.877 +07:00  INF  Returning data from cache.
2024-10-24 08:18:08.878 +07:00  INF  API: /api/Movies, Status Code: 200, Response Time: 0 ms
2024-10-24 08:18:09.337 +07:00  INF  Request from IP: ::1
2024-10-24 08:18:09.338 +07:00  INF  IP ::1 is whitelisted. Skipping authentication.
2024-10-24 08:18:09.339 +07:00  INF  Returning data from cache.
2024-10-24 08:18:09.339 +07:00  INF  API: /api/Movies, Status Code: 200, Response Time: 0 ms
2024-10-24 08:18:09.738 +07:00  INF  Request from IP: ::1
2024-10-24 08:18:09.738 +07:00  INF  IP ::1 is whitelisted. Skipping authentication.
2024-10-24 08:18:09.739 +07:00  INF  Returning data from cache.
2024-10-24 08:18:09.739 +07:00  INF  API: /api/Movies, Status Code: 200, Response Time: 0 ms
2024-10-24 08:18:09.880 +07:00  INF  Request from IP: ::1
2024-10-24 08:18:09.880 +07:00  INF  IP ::1 is whitelisted. Skipping authentication.
2024-10-24 08:18:09.881 +07:00  INF  Returning data from cache.
2024-10-24 08:18:09.881 +07:00  INF  API: /api/Movies, Status Code: 200, Response Time: 0 ms
2024-10-24 08:18:14.280 +07:00  INF  Request from IP: ::1
2024-10-24 08:18:14.280 +07:00  INF  IP ::1 is whitelisted. Skipping authentication.
2024-10-24 08:18:14.281 +07:00  INF  API: /api/test, Status Code: 200, Response Time: 0 ms
2024-10-24 08:18:19.663 +07:00  INF  Request from IP: ::1
2024-10-24 08:18:19.663 +07:00  INF  IP ::1 is whitelisted. Skipping authentication.
2024-10-24 08:18:19.667 +07:00  INF  API: /api/Movies/1, Status Code: 200, Response Time: 3 ms
2024-10-24 08:20:43.733 +07:00  INF  Request from IP: ::1
2024-10-24 08:20:43.747 +07:00  INF  IP ::1 is whitelisted. Skipping authentication.
2024-10-24 08:20:43.856 +07:00  INF  Fetching data from database.
2024-10-24 08:20:44.313 +07:00  INF  API: /api/Movies, Status Code: 200, Response Time: 510 ms
2024-10-24 08:20:45.678 +07:00  INF  Request from IP: ::1
2024-10-24 08:20:45.678 +07:00  INF  IP ::1 is whitelisted. Skipping authentication.
2024-10-24 08:20:45.683 +07:00  INF  Returning data from cache.
2024-10-24 08:20:45.684 +07:00  INF  API: /api/Movies, Status Code: 200, Response Time: 1 ms
2024-10-24 08:20:46.178 +07:00  INF  Request from IP: ::1
2024-10-24 08:20:46.178 +07:00  INF  IP ::1 is whitelisted. Skipping authentication.
2024-10-24 08:20:46.181 +07:00  INF  Returning data from cache.
2024-10-24 08:20:46.181 +07:00  INF  API: /api/Movies, Status Code: 200, Response Time: 1 ms
2024-10-24 08:20:46.513 +07:00  INF  Request from IP: ::1
2024-10-24 08:20:46.513 +07:00  INF  IP ::1 is whitelisted. Skipping authentication.
2024-10-24 08:20:46.514 +07:00  INF  Returning data from cache.
2024-10-24 08:20:46.514 +07:00  INF  API: /api/Movies, Status Code: 200, Response Time: 0 ms
2024-10-24 08:20:46.782 +07:00  INF  Request from IP: ::1
2024-10-24 08:20:46.782 +07:00  INF  IP ::1 is whitelisted. Skipping authentication.
2024-10-24 08:20:46.783 +07:00  INF  Returning data from cache.
2024-10-24 08:20:46.784 +07:00  INF  API: /api/Movies, Status Code: 200, Response Time: 1 ms
2024-10-24 08:20:47.031 +07:00  INF  Request from IP: ::1
2024-10-24 08:20:47.031 +07:00  INF  IP ::1 is whitelisted. Skipping authentication.
2024-10-24 08:20:47.031 +07:00  INF  Returning data from cache.
2024-10-24 08:20:47.032 +07:00  INF  API: /api/Movies, Status Code: 200, Response Time: 0 ms
2024-10-24 08:20:47.255 +07:00  INF  Request from IP: ::1
2024-10-24 08:20:47.255 +07:00  INF  IP ::1 is whitelisted. Skipping authentication.
2024-10-24 08:20:47.256 +07:00  INF  Returning data from cache.
2024-10-24 08:20:47.257 +07:00  INF  API: /api/Movies, Status Code: 200, Response Time: 0 ms
2024-10-24 08:20:47.440 +07:00  INF  Request from IP: ::1
2024-10-24 08:20:47.440 +07:00  INF  IP ::1 is whitelisted. Skipping authentication.
2024-10-24 08:20:47.441 +07:00  INF  Returning data from cache.
2024-10-24 08:20:47.441 +07:00  INF  API: /api/Movies, Status Code: 200, Response Time: 0 ms
2024-10-24 08:20:47.598 +07:00  INF  Request from IP: ::1
2024-10-24 08:20:47.598 +07:00  INF  IP ::1 is whitelisted. Skipping authentication.
2024-10-24 08:20:47.600 +07:00  INF  Returning data from cache.
2024-10-24 08:20:47.600 +07:00  INF  API: /api/Movies, Status Code: 200, Response Time: 0 ms
2024-10-24 08:20:47.789 +07:00  INF  Request from IP: ::1
2024-10-24 08:20:47.789 +07:00  INF  IP ::1 is whitelisted. Skipping authentication.
2024-10-24 08:20:47.790 +07:00  INF  Returning data from cache.
2024-10-24 08:20:47.791 +07:00  INF  API: /api/Movies, Status Code: 200, Response Time: 0 ms
2024-10-24 08:20:47.951 +07:00  INF  Request from IP: ::1
2024-10-24 08:20:47.951 +07:00  INF  IP ::1 is whitelisted. Skipping authentication.
2024-10-24 08:20:47.953 +07:00  INF  Request get:/api/movies from IP ::1 has been blocked, quota 10/1m exceeded by 1. Blocked by rule *:/api/*, TraceIdentifier 0HN7JP894RSDI:0000001D. MonitorMode: False
2024-10-24 08:20:48.151 +07:00  INF  Request from IP: ::1
2024-10-24 08:20:48.151 +07:00  INF  IP ::1 is whitelisted. Skipping authentication.
2024-10-24 08:20:48.151 +07:00  INF  Request get:/api/movies from IP ::1 has been blocked, quota 10/1m exceeded by 2. Blocked by rule *:/api/*, TraceIdentifier 0HN7JP894RSDI:0000001F. MonitorMode: False
2024-10-24 08:21:12.984 +07:00  INF  Request from IP: ::1
2024-10-24 08:21:12.984 +07:00  INF  IP ::1 is whitelisted. Skipping authentication.
2024-10-24 08:21:12.997 +07:00  INF  API: /api/test, Status Code: 200, Response Time: 12 ms
2024-10-24 08:21:14.985 +07:00  INF  Request from IP: ::1
2024-10-24 08:21:14.985 +07:00  INF  IP ::1 is whitelisted. Skipping authentication.
2024-10-24 08:21:14.986 +07:00  INF  API: /api/test, Status Code: 200, Response Time: 0 ms
2024-10-24 08:21:15.409 +07:00  INF  Request from IP: ::1
2024-10-24 08:21:15.409 +07:00  INF  IP ::1 is whitelisted. Skipping authentication.
2024-10-24 08:21:15.410 +07:00  INF  API: /api/test, Status Code: 200, Response Time: 0 ms
2024-10-24 08:21:15.666 +07:00  INF  Request from IP: ::1
2024-10-24 08:21:15.666 +07:00  INF  IP ::1 is whitelisted. Skipping authentication.
2024-10-24 08:21:15.667 +07:00  INF  API: /api/test, Status Code: 200, Response Time: 0 ms
2024-10-24 08:21:15.881 +07:00  INF  Request from IP: ::1
2024-10-24 08:21:15.881 +07:00  INF  IP ::1 is whitelisted. Skipping authentication.
2024-10-24 08:21:15.882 +07:00  INF  API: /api/test, Status Code: 200, Response Time: 0 ms
2024-10-24 08:21:16.144 +07:00  INF  Request from IP: ::1
2024-10-24 08:21:16.144 +07:00  INF  IP ::1 is whitelisted. Skipping authentication.
2024-10-24 08:21:16.145 +07:00  INF  API: /api/test, Status Code: 200, Response Time: 0 ms
2024-10-24 08:21:16.353 +07:00  INF  Request from IP: ::1
2024-10-24 08:21:16.353 +07:00  INF  IP ::1 is whitelisted. Skipping authentication.
2024-10-24 08:21:16.354 +07:00  INF  API: /api/test, Status Code: 200, Response Time: 0 ms
2024-10-24 08:21:16.624 +07:00  INF  Request from IP: ::1
2024-10-24 08:21:16.624 +07:00  INF  IP ::1 is whitelisted. Skipping authentication.
2024-10-24 08:21:16.625 +07:00  INF  API: /api/test, Status Code: 200, Response Time: 0 ms
2024-10-24 08:21:16.888 +07:00  INF  Request from IP: ::1
2024-10-24 08:21:16.888 +07:00  INF  IP ::1 is whitelisted. Skipping authentication.
2024-10-24 08:21:16.889 +07:00  INF  API: /api/test, Status Code: 200, Response Time: 0 ms
2024-10-24 08:21:17.169 +07:00  INF  Request from IP: ::1
2024-10-24 08:21:17.169 +07:00  INF  IP ::1 is whitelisted. Skipping authentication.
2024-10-24 08:21:17.170 +07:00  INF  API: /api/test, Status Code: 200, Response Time: 0 ms
2024-10-24 08:21:17.465 +07:00  INF  Request from IP: ::1
2024-10-24 08:21:17.465 +07:00  INF  IP ::1 is whitelisted. Skipping authentication.
2024-10-24 08:21:17.466 +07:00  INF  Request get:/api/test from IP ::1 has been blocked, quota 10/1m exceeded by 1. Blocked by rule *:/api/*, TraceIdentifier 0HN7JP894RSDI:00000035. MonitorMode: False
2024-10-24 08:21:17.782 +07:00  INF  Request from IP: ::1
2024-10-24 08:21:17.782 +07:00  INF  IP ::1 is whitelisted. Skipping authentication.
2024-10-24 08:21:17.782 +07:00  INF  Request get:/api/test from IP ::1 has been blocked, quota 10/1m exceeded by 2. Blocked by rule *:/api/*, TraceIdentifier 0HN7JP894RSDI:00000037. MonitorMode: False
2024-10-24 08:21:18.305 +07:00  INF  Request from IP: ::1
2024-10-24 08:21:18.305 +07:00  INF  IP ::1 is whitelisted. Skipping authentication.
2024-10-24 08:21:18.305 +07:00  INF  Request get:/api/test from IP ::1 has been blocked, quota 10/1m exceeded by 3. Blocked by rule *:/api/*, TraceIdentifier 0HN7JP894RSDI:00000039. MonitorMode: False
2024-10-24 08:21:21.424 +07:00  INF  Request from IP: ::1
2024-10-24 08:21:21.424 +07:00  INF  IP ::1 is whitelisted. Skipping authentication.
2024-10-24 08:21:21.424 +07:00  INF  Request get:/api/movies from IP ::1 has been blocked, quota 10/1m exceeded by 3. Blocked by rule *:/api/*, TraceIdentifier 0HN7JP894RSDI:0000003B. MonitorMode: False
2024-10-24 08:46:34.857 +07:00  INF  Request from IP: ::1
2024-10-24 08:46:42.029 +07:00  INF  Request from IP: ::1
2024-10-24 08:47:12.671 +07:00  INF  Request from IP: ::1
2024-10-24 08:47:13.205 +07:00  INF  User minhtrieu, 123456 logged in successfully.
2024-10-24 08:47:13.208 +07:00  INF  API: /api/login/login, Status Code: 200, Response Time: 535 ms
2024-10-24 08:47:24.233 +07:00  INF  Request from IP: ::1
2024-10-24 08:47:24.247 +07:00  INF  Fetching data from database.
2024-10-24 08:47:24.284 +07:00  INF  API: /api/Movies, Status Code: 200, Response Time: 41 ms
2024-10-24 09:21:01.588 +07:00  INF  Request from IP: ::1
2024-10-24 09:21:01.634 +07:00  INF  API: /api/ResponseFormatController, Status Code: 200, Response Time: 8 ms
2024-10-24 09:21:53.291 +07:00  INF  Request from IP: ::1
2024-10-24 09:21:53.340 +07:00  INF  API: /api/ResponseFormatController, Status Code: 200, Response Time: 8 ms
2024-10-24 09:22:10.690 +07:00  INF  Request from IP: ::1
2024-10-24 09:22:10.706 +07:00  INF  API: /api/test, Status Code: 200, Response Time: 13 ms
2024-10-24 09:23:26.643 +07:00  INF  Request from IP: ::1
2024-10-24 09:23:27.514 +07:00  INF  User minhtrieu, 123456 logged in successfully.
2024-10-24 09:23:27.516 +07:00  INF  API: /api/login/login, Status Code: 200, Response Time: 870 ms
2024-10-24 09:23:41.741 +07:00  INF  Request from IP: ::1
2024-10-24 09:23:41.778 +07:00  INF  Fetching data from database.
2024-10-24 09:23:41.837 +07:00  INF  API: /api/Movies, Status Code: 200, Response Time: 65 ms
2024-10-24 09:24:04.308 +07:00  INF  Request from IP: ::1
2024-10-24 09:24:04.312 +07:00  INF  Returning data from cache.
2024-10-24 09:24:04.313 +07:00  INF  API: /api/Movies, Status Code: 200, Response Time: 2 ms
2024-10-24 09:24:13.519 +07:00  INF  Request from IP: ::1
2024-10-24 09:24:13.521 +07:00  INF  Returning data from cache.
2024-10-24 09:24:13.532 +07:00  INF  API: /api/Movies, Status Code: 200, Response Time: 11 ms
2024-10-24 09:24:27.335 +07:00  INF  Request from IP: ::1
2024-10-24 09:24:27.336 +07:00  INF  Returning data from cache.
2024-10-24 09:24:27.336 +07:00  INF  API: /api/Movies, Status Code: 200, Response Time: 0 ms
2024-10-24 09:25:19.408 +07:00  INF  Request from IP: ::1
2024-10-24 09:25:19.409 +07:00  INF  Returning data from cache.
2024-10-24 09:25:19.410 +07:00  INF  API: /api/Movies, Status Code: 200, Response Time: 0 ms
2024-10-24 09:25:24.635 +07:00  INF  Request from IP: ::1
2024-10-24 09:25:24.636 +07:00  INF  Returning data from cache.
2024-10-24 09:25:24.637 +07:00  INF  API: /api/Movies, Status Code: 200, Response Time: 1 ms
2024-10-24 09:30:16.695 +07:00  ERR  An unhandled exception has occurred while executing the request.Swashbuckle.AspNetCore.SwaggerGen.SwaggerGeneratorException: Failed to generate Operation for action - WebAPI.Controllers.AuthController.Register (WebAPI). See inner exception
 ---> System.ArgumentException: An item with the same key has already been added. Key: 200
   at System.Collections.Generic.Dictionary`2.TryInsert(TKey key, TValue value, InsertionBehavior behavior)
   at System.Collections.Generic.Dictionary`2.Add(TKey key, TValue value)
   at ProducesResponseTypeFilter.Apply(OpenApiOperation operation, OperationFilterContext context) in D:\Code\WebAPI\WebAPI\ProducesResponseTypeFilter .cs:line 9
   at Swashbuckle.AspNetCore.SwaggerGen.SwaggerGenerator.GenerateOperation(ApiDescription apiDescription, SchemaRepository schemaRepository)
   --- End of inner exception stack trace ---
   at Swashbuckle.AspNetCore.SwaggerGen.SwaggerGenerator.GenerateOperation(ApiDescription apiDescription, SchemaRepository schemaRepository)
   at Swashbuckle.AspNetCore.SwaggerGen.SwaggerGenerator.GenerateOperations(IEnumerable`1 apiDescriptions, SchemaRepository schemaRepository)
   at Swashbuckle.AspNetCore.SwaggerGen.SwaggerGenerator.GeneratePaths(IEnumerable`1 apiDescriptions, SchemaRepository schemaRepository)
   at Swashbuckle.AspNetCore.SwaggerGen.SwaggerGenerator.GetSwaggerDocumentWithoutFilters(String documentName, String host, String basePath)
   at Swashbuckle.AspNetCore.SwaggerGen.SwaggerGenerator.GetSwaggerAsync(String documentName, String host, String basePath)
   at Swashbuckle.AspNetCore.Swagger.SwaggerMiddleware.Invoke(HttpContext httpContext, ISwaggerProvider swaggerProvider)
   at Microsoft.AspNetCore.Diagnostics.DeveloperExceptionPageMiddlewareImpl.Invoke(HttpContext context)

2024-10-24 09:31:01.589 +07:00  ERR  An unhandled exception has occurred while executing the request.Swashbuckle.AspNetCore.SwaggerGen.SwaggerGeneratorException: Failed to generate Operation for action - WebAPI.Controllers.AuthController.Register (WebAPI). See inner exception
 ---> System.ArgumentException: An item with the same key has already been added. Key: 200
   at System.Collections.Generic.Dictionary`2.TryInsert(TKey key, TValue value, InsertionBehavior behavior)
   at System.Collections.Generic.Dictionary`2.Add(TKey key, TValue value)
   at ProducesResponseTypeFilter.Apply(OpenApiOperation operation, OperationFilterContext context) in D:\Code\WebAPI\WebAPI\ProducesResponseTypeFilter .cs:line 9
   at Swashbuckle.AspNetCore.SwaggerGen.SwaggerGenerator.GenerateOperation(ApiDescription apiDescription, SchemaRepository schemaRepository)
   --- End of inner exception stack trace ---
   at Swashbuckle.AspNetCore.SwaggerGen.SwaggerGenerator.GenerateOperation(ApiDescription apiDescription, SchemaRepository schemaRepository)
   at Swashbuckle.AspNetCore.SwaggerGen.SwaggerGenerator.GenerateOperations(IEnumerable`1 apiDescriptions, SchemaRepository schemaRepository)
   at Swashbuckle.AspNetCore.SwaggerGen.SwaggerGenerator.GeneratePaths(IEnumerable`1 apiDescriptions, SchemaRepository schemaRepository)
   at Swashbuckle.AspNetCore.SwaggerGen.SwaggerGenerator.GetSwaggerDocumentWithoutFilters(String documentName, String host, String basePath)
   at Swashbuckle.AspNetCore.SwaggerGen.SwaggerGenerator.GetSwaggerAsync(String documentName, String host, String basePath)
   at Swashbuckle.AspNetCore.Swagger.SwaggerMiddleware.Invoke(HttpContext httpContext, ISwaggerProvider swaggerProvider)
   at Microsoft.AspNetCore.Diagnostics.DeveloperExceptionPageMiddlewareImpl.Invoke(HttpContext context)

2024-10-24 09:31:31.715 +07:00  INF  Request from IP: ::1
2024-10-24 09:32:00.840 +07:00  INF  Request from IP: ::1
2024-10-24 09:32:32.872 +07:00  INF  Request from IP: ::1
2024-10-24 09:32:32.888 +07:00  INF  IP ::1 is whitelisted. Skipping authentication.
2024-10-24 09:32:33.061 +07:00  INF  Fetching data from database.
2024-10-24 09:32:33.635 +07:00  INF  API: /api/Movies, Status Code: 200, Response Time: 648 ms
2024-10-24 09:32:48.382 +07:00  INF  Request from IP: ::1
2024-10-24 09:32:48.395 +07:00  INF  IP ::1 is whitelisted. Skipping authentication.
2024-10-24 09:32:48.504 +07:00  INF  Fetching data from database.
2024-10-24 09:32:48.923 +07:00  INF  API: /api/Movies, Status Code: 200, Response Time: 473 ms
2024-10-24 09:35:27.201 +07:00  INF  Request from IP: ::1
2024-10-24 09:35:27.225 +07:00  INF  IP ::1 is whitelisted. Skipping authentication.
2024-10-24 09:35:27.478 +07:00  INF  Fetching data from database.
2024-10-24 09:35:28.390 +07:00  INF  API: /api/Movies, Status Code: 200, Response Time: 1025 ms
2024-10-24 09:35:47.771 +07:00  INF  Request from IP: ::1
2024-10-24 09:35:47.771 +07:00  INF  IP ::1 is whitelisted. Skipping authentication.
2024-10-24 09:35:47.785 +07:00  INF  API: /api/ResponseFormatController, Status Code: 200, Response Time: 10 ms
2024-10-24 09:36:49.752 +07:00  INF  Request from IP: ::1
2024-10-24 09:36:49.765 +07:00  INF  IP ::1 is whitelisted. Skipping authentication.
2024-10-24 09:36:49.820 +07:00  INF  API: /api/ResponseFormatController, Status Code: 200, Response Time: 8 ms
2024-10-24 09:36:56.608 +07:00  INF  Request from IP: ::1
2024-10-24 09:36:56.609 +07:00  INF  IP ::1 is whitelisted. Skipping authentication.
2024-10-24 09:36:56.695 +07:00  INF  Fetching data from database.
2024-10-24 09:36:57.401 +07:00  INF  API: /api/Movies, Status Code: 200, Response Time: 786 ms
2024-10-24 09:37:04.010 +07:00  INF  Request from IP: ::1
2024-10-24 09:37:04.010 +07:00  INF  IP ::1 is whitelisted. Skipping authentication.
2024-10-24 09:37:04.018 +07:00  INF  Returning data from cache.
2024-10-24 09:37:04.019 +07:00  INF  API: /api/Movies, Status Code: 200, Response Time: 2 ms
2024-10-24 09:37:07.914 +07:00  INF  Request from IP: ::1
2024-10-24 09:37:07.914 +07:00  INF  IP ::1 is whitelisted. Skipping authentication.
2024-10-24 09:37:07.919 +07:00  INF  Returning data from cache.
2024-10-24 09:37:07.927 +07:00  INF  API: /api/Movies, Status Code: 200, Response Time: 10 ms
2024-10-24 09:37:28.418 +07:00  INF  Request from IP: ::1
2024-10-24 09:37:28.418 +07:00  INF  IP ::1 is whitelisted. Skipping authentication.
2024-10-24 09:37:28.425 +07:00  INF  API: /api/v1/CheckVersion, Status Code: 200, Response Time: 4 ms
2024-10-24 09:37:31.376 +07:00  INF  Request from IP: ::1
2024-10-24 09:37:31.376 +07:00  INF  IP ::1 is whitelisted. Skipping authentication.
2024-10-24 09:37:31.379 +07:00  INF  API: /api/v2/CheckVersion, Status Code: 200, Response Time: 1 ms
2024-10-24 10:59:32.427 +07:00  INF  Request from IP: ::1
2024-10-24 10:59:32.441 +07:00  INF  IP ::1 is whitelisted. Skipping authentication.
2024-10-24 10:59:33.491 +07:00  INF  Fetching data from database.
2024-10-24 10:59:34.271 +07:00  INF  API: /api/Movies, Status Code: 200, Response Time: 962 ms
2024-10-24 13:50:40.514 +07:00  INF  Request from IP: ::1
2024-10-24 13:50:40.529 +07:00  INF  IP ::1 is whitelisted. Skipping authentication.
2024-10-24 13:50:40.672 +07:00  INF  Fetching data from database.
2024-10-24 13:50:41.135 +07:00  INF  API: /api/Movies, Status Code: 200, Response Time: 523 ms
2024-10-24 13:50:52.186 +07:00  INF  Request from IP: ::1
2024-10-24 13:50:52.186 +07:00  INF  IP ::1 is whitelisted. Skipping authentication.
2024-10-24 13:50:52.190 +07:00  INF  API: /api/test/admin-only, Status Code: 200, Response Time: 1 ms
2024-10-24 13:50:55.922 +07:00  INF  Request from IP: ::1
2024-10-24 13:50:55.922 +07:00  INF  IP ::1 is whitelisted. Skipping authentication.
2024-10-24 13:55:01.902 +07:00  INF  Request from IP: ::1
2024-10-24 13:55:01.902 +07:00  INF  IP ::1 is whitelisted. Skipping authentication.
2024-10-24 13:55:01.904 +07:00  INF  API: /api/test/check-role, Status Code: 200, Response Time: 1 ms
2024-10-24 13:55:40.556 +07:00  INF  Request from IP: ::1
2024-10-24 13:55:40.556 +07:00  INF  IP ::1 is whitelisted. Skipping authentication.
2024-10-24 13:55:40.557 +07:00  INF  API: /api/test/check-role, Status Code: 200, Response Time: 0 ms
2024-10-24 13:55:42.893 +07:00  INF  Request from IP: ::1
2024-10-24 13:55:42.893 +07:00  INF  IP ::1 is whitelisted. Skipping authentication.
2024-10-24 13:55:42.894 +07:00  INF  API: /api/test/check-role, Status Code: 200, Response Time: 0 ms
2024-10-24 13:55:50.820 +07:00  INF  Request from IP: ::1
2024-10-24 13:55:50.835 +07:00  INF  IP ::1 is whitelisted. Skipping authentication.
2024-10-24 13:55:50.894 +07:00  INF  API: /api/test/check-role, Status Code: 200, Response Time: 7 ms
2024-10-24 14:25:29.060 +07:00  INF  Request from IP: ::1
2024-10-24 14:25:29.073 +07:00  INF  IP ::1 is whitelisted. Skipping authentication.
2024-10-24 14:25:29.172 +07:00  INF  Fetching data from database.
2024-10-24 14:25:29.585 +07:00  INF  API: /api/Movies, Status Code: 200, Response Time: 463 ms
2024-10-24 14:25:43.046 +07:00  INF  Request from IP: ::1
2024-10-24 14:25:43.046 +07:00  INF  IP ::1 is whitelisted. Skipping authentication.
2024-10-24 14:25:43.129 +07:00  INF  User minhtrieu, 123456 logged in successfully.
2024-10-24 14:25:43.130 +07:00  INF  API: /api/login/login, Status Code: 200, Response Time: 82 ms
2024-10-24 14:26:13.804 +07:00  INF  Request from IP: ::1
2024-10-24 14:26:13.804 +07:00  INF  IP ::1 is whitelisted. Skipping authentication.
2024-10-24 14:26:13.808 +07:00  INF  Returning data from cache.
2024-10-24 14:26:13.809 +07:00  INF  API: /api/Movies, Status Code: 200, Response Time: 1 ms
2024-10-24 14:27:15.511 +07:00  INF  Request from IP: ::1
2024-10-24 14:27:15.511 +07:00  INF  IP ::1 is whitelisted. Skipping authentication.
2024-10-24 14:27:15.512 +07:00  INF  Returning data from cache.
2024-10-24 14:27:15.512 +07:00  INF  API: /api/Movies, Status Code: 200, Response Time: 0 ms
2024-10-24 14:28:28.522 +07:00  INF  Request from IP: ::1
2024-10-24 14:28:28.522 +07:00  INF  IP ::1 is whitelisted. Skipping authentication.
2024-10-24 14:28:28.523 +07:00  INF  Returning data from cache.
2024-10-24 14:28:28.523 +07:00  INF  API: /api/Movies, Status Code: 200, Response Time: 0 ms
2024-10-24 14:29:19.428 +07:00  INF  Request from IP: ::1
2024-10-24 14:29:19.442 +07:00  INF  IP ::1 is whitelisted. Skipping authentication.
2024-10-24 14:29:19.536 +07:00  INF  Fetching data from database.
2024-10-24 14:29:19.948 +07:00  INF  API: /api/Movies, Status Code: 200, Response Time: 457 ms
2024-10-24 14:29:48.654 +07:00  INF  Request from IP: ::1
2024-10-24 14:29:48.654 +07:00  INF  IP ::1 is whitelisted. Skipping authentication.
2024-10-24 14:29:48.788 +07:00  INF  User minhtrieu, 123456 logged in successfully.
2024-10-24 14:29:48.790 +07:00  INF  API: /api/login/login, Status Code: 200, Response Time: 133 ms
2024-10-24 14:29:59.396 +07:00  INF  Request from IP: ::1
2024-10-24 14:29:59.396 +07:00  INF  IP ::1 is whitelisted. Skipping authentication.
2024-10-24 14:29:59.401 +07:00  INF  Returning data from cache.
2024-10-24 14:29:59.402 +07:00  INF  API: /api/Movies, Status Code: 200, Response Time: 2 ms
2024-10-24 14:30:28.316 +07:00  INF  Request from IP: ::1
2024-10-24 14:30:28.331 +07:00  INF  IP ::1 is whitelisted. Skipping authentication.
2024-10-24 14:30:28.432 +07:00  INF  Fetching data from database.
2024-10-24 14:30:28.865 +07:00  INF  API: /api/Movies, Status Code: 200, Response Time: 480 ms
2024-10-24 14:30:55.347 +07:00  INF  Request from IP: ::1
2024-10-24 14:30:55.347 +07:00  INF  IP ::1 is whitelisted. Skipping authentication.
2024-10-24 14:30:55.357 +07:00  INF  API: /api/ResponseFormatController, Status Code: 200, Response Time: 6 ms
2024-10-24 14:31:08.412 +07:00  INF  Request from IP: ::1
2024-10-24 14:31:08.413 +07:00  INF  IP ::1 is whitelisted. Skipping authentication.
2024-10-24 14:31:08.416 +07:00  INF  API: /api/ResponseFormatController, Status Code: 200, Response Time: 1 ms
2024-10-24 14:32:24.301 +07:00  INF  Request from IP: ::1
2024-10-24 14:32:24.316 +07:00  INF  IP ::1 is whitelisted. Skipping authentication.
2024-10-24 14:32:24.485 +07:00  INF  Fetching data from database.
2024-10-24 14:32:25.104 +07:00  INF  API: /api/Movies, Status Code: 200, Response Time: 694 ms
2024-10-24 14:32:32.263 +07:00  INF  Request from IP: ::1
2024-10-24 14:32:32.264 +07:00  INF  IP ::1 is whitelisted. Skipping authentication.
2024-10-24 14:32:32.272 +07:00  INF  API: /api/test/admin-only, Status Code: 200, Response Time: 4 ms
2024-10-24 14:34:59.291 +07:00  INF  Request from IP: ::1
2024-10-24 14:34:59.306 +07:00  INF  IP ::1 is whitelisted. Skipping authentication.
2024-10-24 14:35:04.473 +07:00  INF  Fetching data from database.
2024-10-24 14:35:04.980 +07:00  INF  API: /api/Movies, Status Code: 200, Response Time: 5581 ms
2024-10-24 14:38:43.194 +07:00  INF  Request from IP: ::1
2024-10-24 14:38:43.209 +07:00  INF  IP ::1 is whitelisted. Skipping authentication.
2024-10-24 14:38:48.430 +07:00  INF  Fetching data from database.
2024-10-24 14:38:49.287 +07:00  INF  API: /api/Movies, Status Code: 200, Response Time: 5982 ms
2024-10-24 14:39:02.542 +07:00  INF  Request from IP: ::1
2024-10-24 14:39:02.542 +07:00  INF  IP ::1 is whitelisted. Skipping authentication.
2024-10-24 14:39:07.704 +07:00  INF  User minhtrieu, 123456 logged in successfully.
2024-10-24 14:39:07.706 +07:00  INF  API: /api/login/login, Status Code: 200, Response Time: 5161 ms
2024-10-24 14:39:18.236 +07:00  INF  Request from IP: ::1
2024-10-24 14:39:18.236 +07:00  INF  IP ::1 is whitelisted. Skipping authentication.
2024-10-24 14:39:23.250 +07:00  INF  API: /api/ResponseFormatController, Status Code: 200, Response Time: 5011 ms
2024-10-24 14:43:15.057 +07:00  INF  Request from IP: ::1
2024-10-24 14:43:15.073 +07:00  INF  IP ::1 is whitelisted. Skipping authentication.
2024-10-24 14:43:15.253 +07:00  INF  Fetching data from database.
2024-10-24 14:43:15.843 +07:00  INF  API: /api/Movies, Status Code: 200, Response Time: 671 ms
2024-10-24 14:43:30.510 +07:00  INF  Request from IP: ::1
2024-10-24 14:43:30.526 +07:00  INF  IP ::1 is whitelisted. Skipping authentication.
2024-10-24 14:43:35.747 +07:00  INF  Fetching data from database.
2024-10-24 14:43:36.621 +07:00  INF  API: /api/Movies, Status Code: 200, Response Time: 6000 ms
2024-10-24 14:47:12.643 +07:00  INF  Request from IP: ::1
2024-10-24 14:47:12.658 +07:00  INF  IP ::1 is whitelisted. Skipping authentication.
2024-10-24 14:47:17.878 +07:00  INF  Fetching data from database.
2024-10-24 14:47:18.732 +07:00  INF  API: /api/Movies, Status Code: 200, Response Time: 5980 ms
2024-10-24 14:47:34.537 +07:00  INF  Request from IP: ::1
2024-10-24 14:47:34.537 +07:00  INF  IP ::1 is whitelisted. Skipping authentication.
2024-10-24 14:47:39.556 +07:00  INF  API: /api/ResponseFormatController, Status Code: 200, Response Time: 5016 ms
2024-10-24 14:48:31.821 +07:00  INF  Request from IP: ::1
2024-10-24 14:48:31.836 +07:00  INF  IP ::1 is whitelisted. Skipping authentication.
2024-10-24 14:48:36.958 +07:00  INF  API: /api/ResponseFormatController, Status Code: 200, Response Time: 5026 ms
2024-10-24 14:48:52.476 +07:00  INF  Request from IP: ::1
2024-10-24 14:48:52.476 +07:00  INF  IP ::1 is whitelisted. Skipping authentication.
2024-10-24 14:48:57.488 +07:00  INF  API: /api/ResponseFormatController, Status Code: 200, Response Time: 5009 ms
2024-10-24 14:49:04.480 +07:00  INF  Request from IP: ::1
2024-10-24 14:49:04.481 +07:00  INF  IP ::1 is whitelisted. Skipping authentication.
2024-10-24 14:49:09.612 +07:00  INF  Fetching data from database.
2024-10-24 14:49:10.459 +07:00  INF  API: /api/Movies, Status Code: 200, Response Time: 5965 ms
2024-10-24 14:49:21.762 +07:00  INF  Request from IP: ::1
2024-10-24 14:49:21.762 +07:00  INF  IP ::1 is whitelisted. Skipping authentication.
2024-10-24 14:49:26.769 +07:00  INF  Returning data from cache.
2024-10-24 14:49:26.770 +07:00  INF  API: /api/Movies, Status Code: 200, Response Time: 5006 ms
2024-10-24 14:49:58.880 +07:00  INF  Request from IP: ::1
2024-10-24 14:49:58.896 +07:00  INF  IP ::1 is whitelisted. Skipping authentication.
2024-10-24 14:50:12.444 +07:00  INF  Fetching data from database.
2024-10-24 14:50:13.283 +07:00  INF  API: /api/Movies, Status Code: 200, Response Time: 5955 ms
2024-10-24 14:53:37.533 +07:00  INF  Request from IP: ::1
2024-10-24 14:53:37.548 +07:00  INF  IP ::1 is whitelisted. Skipping authentication.
2024-10-24 14:53:47.242 +07:00  INF  Fetching data from database.
2024-10-24 14:53:48.075 +07:00  INF  API: /api/Movies, Status Code: 200, Response Time: 5957 ms
2024-10-24 14:54:32.160 +07:00  INF  Request from IP: ::1
2024-10-24 14:54:32.176 +07:00  INF  IP ::1 is whitelisted. Skipping authentication.
2024-10-24 14:54:45.078 +07:00  INF  Fetching data from database.
2024-10-24 14:54:45.920 +07:00  INF  API: /api/Movies, Status Code: 200, Response Time: 5966 ms
2024-10-24 14:55:59.256 +07:00  INF  Request from IP: ::1
2024-10-24 14:55:59.271 +07:00  INF  IP ::1 is whitelisted. Skipping authentication.
2024-10-24 14:56:02.453 +07:00  INF  Fetching data from database.
2024-10-24 14:56:02.992 +07:00  INF  API: /api/Movies, Status Code: 200, Response Time: 3626 ms
2024-10-24 14:59:56.945 +07:00  INF  Request from IP: ::1
2024-10-24 14:59:56.961 +07:00  INF  IP ::1 is whitelisted. Skipping authentication.
2024-10-24 15:00:00.140 +07:00  INF  Fetching data from database.
2024-10-24 15:00:00.663 +07:00  INF  API: /api/Movies, Status Code: 200, Response Time: 596 ms
2024-10-24 15:00:28.648 +07:00  INF  Request from IP: ::1
2024-10-24 15:00:28.664 +07:00  INF  IP ::1 is whitelisted. Skipping authentication.
2024-10-24 15:00:31.904 +07:00  INF  Fetching data from database.
2024-10-24 15:00:32.757 +07:00  INF  API: /api/Movies, Status Code: 200, Response Time: 963 ms
2024-10-24 15:01:45.887 +07:00  INF  Request from IP: ::1
2024-10-24 15:01:45.901 +07:00  INF  IP ::1 is whitelisted. Skipping authentication.
2024-10-24 15:01:49.012 +07:00  INF  API: /api/ResponseFormatController, Status Code: 200, Response Time: 3023 ms
2024-10-24 15:03:01.133 +07:00  INF  Request from IP: ::1
2024-10-24 15:03:01.148 +07:00  INF  IP ::1 is whitelisted. Skipping authentication.
2024-10-24 15:03:04.254 +07:00  INF  API: /Test/test-timeout, Status Code: 200, Response Time: 3028 ms
2024-10-24 15:03:54.640 +07:00  INF  Request from IP: ::1
2024-10-24 15:03:54.654 +07:00  INF  IP ::1 is whitelisted. Skipping authentication.
2024-10-24 15:03:59.762 +07:00  INF  API: /Test/test-timeout, Status Code: 200, Response Time: 5030 ms
2024-10-24 15:07:30.447 +07:00  INF  Request from IP: ::1
2024-10-24 15:07:30.461 +07:00  INF  IP ::1 is whitelisted. Skipping authentication.
2024-10-24 15:07:30.623 +07:00  INF  Fetching data from database.
2024-10-24 15:07:31.139 +07:00  INF  API: /api/Movies, Status Code: 200, Response Time: 587 ms
2024-10-24 15:08:30.884 +07:00  INF  Request from IP: ::1
2024-10-24 15:08:30.912 +07:00  INF  IP ::1 is whitelisted. Skipping authentication.
2024-10-24 15:08:31.156 +07:00  INF  Fetching data from database.
2024-10-24 15:08:32.003 +07:00  INF  API: /api/Movies, Status Code: 200, Response Time: 961 ms
2024-10-24 15:15:43.502 +07:00  INF  Request from IP: ::1
2024-10-24 15:15:43.515 +07:00  INF  IP ::1 is whitelisted. Skipping authentication.
2024-10-24 15:15:43.616 +07:00  INF  API: /api/TestTimeout/test-timeout, Status Code: 200, Response Time: 11 ms
2024-10-24 15:16:28.728 +07:00  INF  Request from IP: ::1
2024-10-24 15:16:28.742 +07:00  INF  IP ::1 is whitelisted. Skipping authentication.
2024-10-24 15:16:39.689 +07:00  INF  API: /api/TestTimeout/test-timeout, Status Code: 200, Response Time: 8815 ms
2024-10-24 15:22:34.784 +07:00  INF  Request from IP: ::1
2024-10-24 15:22:34.797 +07:00  INF  IP ::1 is whitelisted. Skipping authentication.
2024-10-24 15:24:43.101 +07:00  INF  Request from IP: ::1
2024-10-24 15:24:43.118 +07:00  INF  IP ::1 is whitelisted. Skipping authentication.
2024-10-24 15:24:46.233 +07:00  INF  API: /api/TestTimeout/threesecondtimeout/3, Status Code: 200, Response Time: 3019 ms
2024-10-24 15:24:53.264 +07:00  INF  Request from IP: ::1
2024-10-24 15:24:53.265 +07:00  INF  IP ::1 is whitelisted. Skipping authentication.
2024-10-24 15:24:57.272 +07:00  INF  API: /api/TestTimeout/threesecondtimeout/4, Status Code: 200, Response Time: 4006 ms
2024-10-24 15:25:00.060 +07:00  INF  Request from IP: ::1
2024-10-24 15:25:00.060 +07:00  INF  IP ::1 is whitelisted. Skipping authentication.
2024-10-24 15:25:02.064 +07:00  INF  API: /api/TestTimeout/threesecondtimeout/2, Status Code: 200, Response Time: 2001 ms
2024-10-24 15:26:05.061 +07:00  INF  Request from IP: ::1
2024-10-24 15:26:05.076 +07:00  INF  IP ::1 is whitelisted. Skipping authentication.
2024-10-24 15:26:07.197 +07:00  INF  API: /api/TestTimeout/customstatuscode/2, Status Code: 200, Response Time: 2030 ms
2024-10-24 15:26:09.933 +07:00  INF  Request from IP: ::1
2024-10-24 15:26:09.933 +07:00  INF  IP ::1 is whitelisted. Skipping authentication.
2024-10-24 15:26:14.949 +07:00  INF  API: /api/TestTimeout/customstatuscode/5, Status Code: 200, Response Time: 5013 ms
2024-10-24 15:28:20.501 +07:00  INF  Request from IP: ::1
2024-10-24 15:28:20.517 +07:00  INF  IP ::1 is whitelisted. Skipping authentication.
2024-10-24 15:28:25.639 +07:00  INF  API: /api/TestTimeout/customdelegatepolicy/5, Status Code: 200, Response Time: 5028 ms
2024-10-24 15:28:29.900 +07:00  INF  Request from IP: ::1
2024-10-24 15:28:29.901 +07:00  INF  IP ::1 is whitelisted. Skipping authentication.
2024-10-24 15:28:30.918 +07:00  INF  API: /api/TestTimeout/customdelegatepolicy/1, Status Code: 200, Response Time: 1015 ms
2024-10-24 15:28:34.162 +07:00  INF  Request from IP: ::1
2024-10-24 15:28:34.162 +07:00  INF  IP ::1 is whitelisted. Skipping authentication.
2024-10-24 15:28:36.172 +07:00  INF  API: /api/TestTimeout/customdelegatepolicy/2, Status Code: 200, Response Time: 2008 ms
2024-10-24 15:28:57.823 +07:00  INF  Request from IP: ::1
2024-10-24 15:28:57.824 +07:00  INF  IP ::1 is whitelisted. Skipping authentication.
2024-10-24 15:28:59.840 +07:00  INF  API: /customdelegatepolicy/2, Status Code: 200, Response Time: 2015 ms
2024-10-24 15:29:04.187 +07:00  INF  Request from IP: ::1
2024-10-24 15:29:04.187 +07:00  INF  IP ::1 is whitelisted. Skipping authentication.
2024-10-24 15:29:09.192 +07:00  INF  API: /customdelegatepolicy/5, Status Code: 200, Response Time: 5003 ms
2024-10-24 15:29:45.231 +07:00  INF  Request from IP: ::1
2024-10-24 15:29:45.258 +07:00  INF  IP ::1 is whitelisted. Skipping authentication.
2024-10-24 15:29:46.386 +07:00  INF  API: /customdelegatepolicy/1, Status Code: 200, Response Time: 1016 ms
2024-10-24 15:29:50.269 +07:00  INF  Request from IP: ::1
2024-10-24 15:29:50.269 +07:00  INF  IP ::1 is whitelisted. Skipping authentication.
2024-10-24 15:29:52.276 +07:00  INF  API: /customdelegatepolicy/2, Status Code: 200, Response Time: 2003 ms
2024-10-24 15:29:54.378 +07:00  INF  Request from IP: ::1
2024-10-24 15:29:54.378 +07:00  INF  IP ::1 is whitelisted. Skipping authentication.
2024-10-24 15:29:57.393 +07:00  INF  API: /customdelegatepolicy/3, Status Code: 200, Response Time: 3012 ms
2024-10-24 15:29:59.072 +07:00  INF  Request from IP: ::1
2024-10-24 15:29:59.072 +07:00  INF  IP ::1 is whitelisted. Skipping authentication.
2024-10-24 15:30:03.084 +07:00  INF  API: /customdelegatepolicy/4, Status Code: 200, Response Time: 4010 ms
2024-10-24 15:32:29.773 +07:00  INF  Request from IP: ::1
2024-10-24 15:32:29.787 +07:00  INF  IP ::1 is whitelisted. Skipping authentication.
2024-10-24 15:32:30.830 +07:00  INF  API: /twosecondtimeout/1, Status Code: 200, Response Time: 1002 ms
2024-10-24 15:32:33.675 +07:00  INF  Request from IP: ::1
2024-10-24 15:32:33.675 +07:00  INF  IP ::1 is whitelisted. Skipping authentication.
2024-10-24 15:32:35.688 +07:00  INF  API: /twosecondtimeout/2, Status Code: 200, Response Time: 2011 ms
2024-10-24 15:32:40.585 +07:00  INF  Request from IP: ::1
2024-10-24 15:32:40.585 +07:00  INF  IP ::1 is whitelisted. Skipping authentication.
2024-10-24 15:32:48.689 +07:00  INF  Request from IP: ::1
2024-10-24 15:32:48.689 +07:00  INF  IP ::1 is whitelisted. Skipping authentication.
2024-10-24 15:32:50.690 +07:00  INF  API: /twosecondtimeout/2, Status Code: 200, Response Time: 2000 ms
2024-10-24 15:32:53.254 +07:00  INF  Request from IP: ::1
2024-10-24 15:32:53.254 +07:00  INF  IP ::1 is whitelisted. Skipping authentication.
2024-10-24 15:32:54.260 +07:00  INF  API: /twosecondtimeout/1, Status Code: 200, Response Time: 1004 ms
2024-10-24 15:33:20.335 +07:00  INF  Request from IP: ::1
2024-10-24 15:33:20.350 +07:00  INF  IP ::1 is whitelisted. Skipping authentication.
2024-10-24 15:33:21.413 +07:00  INF  API: /twosecondtimeout/1, Status Code: 200, Response Time: 1015 ms
2024-10-24 15:33:34.740 +07:00  INF  Request from IP: ::1
2024-10-24 15:33:34.740 +07:00  INF  IP ::1 is whitelisted. Skipping authentication.
2024-10-24 15:33:36.742 +07:00  INF  API: /twosecondtimeout/2, Status Code: 200, Response Time: 1999 ms
2024-10-24 15:33:38.722 +07:00  INF  Request from IP: ::1
2024-10-24 15:33:38.723 +07:00  INF  IP ::1 is whitelisted. Skipping authentication.
2024-10-24 15:35:03.372 +07:00  INF  Request from IP: ::1
2024-10-24 15:35:03.386 +07:00  INF  IP ::1 is whitelisted. Skipping authentication.
2024-10-24 15:35:04.446 +07:00  INF  API: /twosecondtimeout/1, Status Code: 200, Response Time: 1017 ms
2024-10-24 15:35:06.508 +07:00  INF  Request from IP: ::1
2024-10-24 15:35:06.508 +07:00  INF  IP ::1 is whitelisted. Skipping authentication.
2024-10-24 15:35:08.513 +07:00  INF  API: /twosecondtimeout/2, Status Code: 200, Response Time: 2004 ms
2024-10-24 15:35:11.769 +07:00  INF  Request from IP: ::1
2024-10-24 15:35:11.769 +07:00  INF  IP ::1 is whitelisted. Skipping authentication.
2024-10-24 15:37:07.837 +07:00  INF  Request from IP: ::1
2024-10-24 15:37:07.852 +07:00  INF  IP ::1 is whitelisted. Skipping authentication.
2024-10-24 15:37:08.896 +07:00  INF  API: /threesecondtimeout/1, Status Code: 200, Response Time: 1002 ms
2024-10-24 15:37:10.274 +07:00  INF  Request from IP: ::1
2024-10-24 15:37:10.274 +07:00  INF  IP ::1 is whitelisted. Skipping authentication.
2024-10-24 15:37:12.281 +07:00  INF  API: /threesecondtimeout/2, Status Code: 200, Response Time: 2005 ms
2024-10-24 15:37:14.609 +07:00  INF  Request from IP: ::1
2024-10-24 15:37:14.609 +07:00  INF  IP ::1 is whitelisted. Skipping authentication.
2024-10-24 15:37:19.704 +07:00  INF  Request from IP: ::1
2024-10-24 15:37:19.704 +07:00  INF  IP ::1 is whitelisted. Skipping authentication.
2024-10-24 15:37:22.714 +07:00  INF  API: /threesecondtimeout/3, Status Code: 200, Response Time: 3008 ms
2024-10-24 15:37:25.583 +07:00  INF  Request from IP: ::1
2024-10-24 15:37:25.583 +07:00  INF  IP ::1 is whitelisted. Skipping authentication.
2024-10-24 15:38:26.259 +07:00  INF  Request from IP: ::1
2024-10-24 15:38:26.274 +07:00  INF  IP ::1 is whitelisted. Skipping authentication.
2024-10-24 15:38:33.044 +07:00  INF  Request from IP: ::1
2024-10-24 15:38:33.044 +07:00  INF  IP ::1 is whitelisted. Skipping authentication.
2024-10-24 15:38:34.063 +07:00  INF  API: /customstatuscode/1, Status Code: 200, Response Time: 1016 ms
2024-10-24 15:38:35.282 +07:00  INF  Request from IP: ::1
2024-10-24 15:38:35.282 +07:00  INF  IP ::1 is whitelisted. Skipping authentication.
2024-10-24 15:38:37.299 +07:00  INF  API: /customstatuscode/2, Status Code: 200, Response Time: 2014 ms
2024-10-24 15:38:43.457 +07:00  INF  Request from IP: ::1
2024-10-24 15:38:43.457 +07:00  INF  IP ::1 is whitelisted. Skipping authentication.
2024-10-24 15:38:46.461 +07:00  INF  API: /customstatuscode/3, Status Code: 200, Response Time: 3002 ms
2024-10-24 15:38:47.695 +07:00  INF  Request from IP: ::1
2024-10-24 15:38:47.695 +07:00  INF  IP ::1 is whitelisted. Skipping authentication.
2024-10-24 15:41:34.455 +07:00  INF  Request from IP: ::1
2024-10-24 15:41:34.469 +07:00  INF  IP ::1 is whitelisted. Skipping authentication.
2024-10-24 15:41:41.300 +07:00  INF  Request from IP: ::1
2024-10-24 15:41:41.300 +07:00  INF  IP ::1 is whitelisted. Skipping authentication.
2024-10-24 15:41:42.304 +07:00  INF  API: /customdelegatepolicy/1, Status Code: 200, Response Time: 1001 ms
2024-10-24 15:43:12.227 +07:00  INF  Request from IP: ::1
2024-10-24 15:43:12.242 +07:00  INF  IP ::1 is whitelisted. Skipping authentication.
2024-10-24 15:43:18.558 +07:00  INF  Request from IP: ::1
2024-10-24 15:43:18.558 +07:00  INF  IP ::1 is whitelisted. Skipping authentication.
2024-10-24 15:43:19.566 +07:00  INF  API: /api/TestTimeout/customdelegatepolicy/1, Status Code: 200, Response Time: 1004 ms
2024-10-24 15:43:23.228 +07:00  INF  Request from IP: ::1
2024-10-24 15:43:23.228 +07:00  INF  IP ::1 is whitelisted. Skipping authentication.
2024-10-24 15:43:25.245 +07:00  INF  API: /api/TestTimeout/customdelegatepolicy/2, Status Code: 200, Response Time: 2014 ms
2024-10-24 15:43:27.104 +07:00  INF  Request from IP: ::1
2024-10-24 15:43:27.104 +07:00  INF  IP ::1 is whitelisted. Skipping authentication.
2024-10-24 15:44:54.186 +07:00  INF  Request from IP: ::1
2024-10-24 15:44:54.208 +07:00  INF  IP ::1 is whitelisted. Skipping authentication.
2024-10-24 15:45:18.081 +07:00  INF  Request from IP: ::1
2024-10-24 15:45:18.081 +07:00  INF  IP ::1 is whitelisted. Skipping authentication.
2024-10-24 15:45:19.097 +07:00  INF  API: /api/TestTimeout/customdelegatepolicy/1, Status Code: 200, Response Time: 1013 ms
2024-10-24 15:45:21.435 +07:00  INF  Request from IP: ::1
2024-10-24 15:45:21.435 +07:00  INF  IP ::1 is whitelisted. Skipping authentication.
2024-10-24 15:45:27.324 +07:00  INF  Request from IP: ::1
2024-10-24 15:45:27.324 +07:00  INF  IP ::1 is whitelisted. Skipping authentication.
2024-10-24 15:45:29.327 +07:00  INF  API: /api/TestTimeout/customdelegatepolicy/2, Status Code: 200, Response Time: 2002 ms
2024-10-24 15:45:31.755 +07:00  INF  Request from IP: ::1
2024-10-24 15:45:31.755 +07:00  INF  IP ::1 is whitelisted. Skipping authentication.
2024-10-24 15:48:04.268 +07:00  INF  Request from IP: ::1
2024-10-24 15:48:04.291 +07:00  INF  IP ::1 is whitelisted. Skipping authentication.
2024-10-24 15:48:04.470 +07:00  INF  Fetching data from database.
2024-10-24 15:48:05.167 +07:00  INF  API: /api/Movies, Status Code: 200, Response Time: 788 ms
2024-10-24 15:49:35.341 +07:00  INF  Request from IP: ::1
2024-10-24 15:49:35.356 +07:00  INF  IP ::1 is whitelisted. Skipping authentication.
2024-10-24 15:51:18.247 +07:00  INF  Request from IP: ::1
2024-10-24 15:51:18.271 +07:00  INF  IP ::1 is whitelisted. Skipping authentication.
2024-10-24 15:51:18.447 +07:00  INF  Fetching data from database.
2024-10-24 15:51:19.151 +07:00  INF  API: /api/Movies, Status Code: 200, Response Time: 794 ms
2024-10-24 16:35:50.126 +07:00  INF  Request from IP: ::1
2024-10-24 16:35:50.140 +07:00  INF  IP ::1 is whitelisted. Skipping authentication.
2024-10-24 16:35:50.243 +07:00  INF  Fetching data from database.
2024-10-24 16:35:50.664 +07:00  INF  API: /api/Movies, Status Code: 200, Response Time: 469 ms
2024-10-24 16:36:33.238 +07:00  INF  Request from IP: ::1
2024-10-24 16:36:33.239 +07:00  INF  IP ::1 is whitelisted. Skipping authentication.
2024-10-24 16:36:33.320 +07:00  INF  User minhtrieu, 123456 logged in successfully.
2024-10-24 16:36:33.321 +07:00  INF  API: /api/login/login, Status Code: 200, Response Time: 80 ms
2024-10-24 16:37:38.555 +07:00  INF  Request from IP: ::1
2024-10-24 16:37:38.555 +07:00  INF  IP ::1 is whitelisted. Skipping authentication.
2024-10-24 16:37:38.559 +07:00  INF  API: /api/Movies, Status Code: 400, Response Time: 0 ms
2024-10-24 16:38:49.915 +07:00  INF  Request from IP: ::1
2024-10-24 16:38:49.915 +07:00  INF  IP ::1 is whitelisted. Skipping authentication.
2024-10-24 16:38:50.021 +07:00  INF  API: /api/Movies, Status Code: 201, Response Time: 104 ms
2024-10-24 16:39:11.935 +07:00  INF  Request from IP: ::1
2024-10-24 16:39:11.936 +07:00  INF  IP ::1 is whitelisted. Skipping authentication.
2024-10-24 16:39:11.936 +07:00  INF  API: /api/Movies, Status Code: 400, Response Time: 0 ms
2024-10-24 16:39:19.971 +07:00  INF  Request from IP: ::1
2024-10-24 16:39:19.971 +07:00  INF  IP ::1 is whitelisted. Skipping authentication.
2024-10-24 16:39:19.975 +07:00  INF  API: /api/Movies, Status Code: 201, Response Time: 3 ms
